#
# There is insufficient memory for the Java Runtime Environment to continue.
# Native memory allocation (malloc) failed to allocate 32744 bytes for ChunkPool::allocate
# Possible reasons:
#   The system is out of physical RAM or swap space
#   The process is running with CompressedOops enabled, and the Java Heap may be blocking the growth of the native heap
# Possible solutions:
#   Reduce memory load on the system
#   Increase physical memory or swap space
#   Check if swap backing store is full
#   Decrease Java heap size (-Xmx/-Xms)
#   Decrease number of Java threads
#   Decrease Java thread stack sizes (-Xss)
#   Set larger code cache with -XX:ReservedCodeCacheSize=
#   JVM is running with Unscaled Compressed Oops mode in which the Java heap is
#     placed in the first 4GB address space. The Java Heap base address is the
#     maximum limit for the native heap growth. Please use -XX:HeapBaseMinAddress
#     to set the Java Heap base and to place the Java Heap above 4GB virtual address.
# This output file may be truncated or incomplete.
#
#  Out of Memory Error (allocation.cpp:272), pid=15436, tid=0x0000000000004a24
#
# JRE version: Java(TM) SE Runtime Environment (8.0_251-b08) (build 1.8.0_251-b08)
# Java VM: Java HotSpot(TM) 64-Bit Server VM (25.251-b08 mixed mode windows-amd64 compressed oops)
# Failed to write core dump. Minidumps are not enabled by default on client versions of Windows
#

---------------  T H R E A D  ---------------

Current thread (0x0000000018ae2800):  JavaThread "C2 CompilerThread0" daemon [_thread_in_native, id=18980, stack(0x0000000018ea0000,0x0000000018fa0000)]

Stack: [0x0000000018ea0000,0x0000000018fa0000]
[error occurred during error reporting (printing stack bounds), id 0xc0000005]

Native frames: (J=compiled Java code, j=interpreted, Vv=VM code, C=native code)


Current CompileTask:
C2:   7946 4870       4       org.springframework.core.annotation.TypeMappedAnnotations::get (52 bytes)


---------------  P R O C E S S  ---------------

Java Threads: ( => current thread )
  0x0000000019b14800 JavaThread "DATABASEPOOL connection adder" daemon [_thread_blocked, id=18320, stack(0x00000000237b0000,0x00000000238b0000)]
  0x000000001a13e800 JavaThread "DATABASEPOOL housekeeper" daemon [_thread_blocked, id=8100, stack(0x00000000236b0000,0x00000000237b0000)]
  0x000000001942d800 JavaThread "restartedMain" [_thread_in_native, id=13796, stack(0x000000001b050000,0x000000001b150000)]
  0x0000000018c5d000 JavaThread "Thread-0" [_thread_blocked, id=16868, stack(0x000000001af50000,0x000000001b050000)]
  0x0000000018b5b800 JavaThread "Service Thread" daemon [_thread_blocked, id=11644, stack(0x00000000191a0000,0x00000000192a0000)]
  0x0000000018b2c000 JavaThread "C1 CompilerThread2" daemon [_thread_blocked, id=5408, stack(0x00000000190a0000,0x00000000191a0000)]
  0x0000000017198800 JavaThread "C2 CompilerThread1" daemon [_thread_in_native, id=16380, stack(0x0000000018fa0000,0x00000000190a0000)]
=>0x0000000018ae2800 JavaThread "C2 CompilerThread0" daemon [_thread_in_native, id=18980, stack(0x0000000018ea0000,0x0000000018fa0000)]
  0x000000001718d000 JavaThread "JDWP Command Reader" daemon [_thread_in_native, id=9632, stack(0x00000000189a0000,0x0000000018aa0000)]
  0x0000000017180800 JavaThread "JDWP Event Helper Thread" daemon [_thread_blocked, id=16968, stack(0x00000000188a0000,0x00000000189a0000)]
  0x000000001717e800 JavaThread "JDWP Transport Listener: dt_socket" daemon [_thread_blocked, id=17652, stack(0x00000000187a0000,0x00000000188a0000)]
  0x0000000017162800 JavaThread "Attach Listener" daemon [_thread_blocked, id=12416, stack(0x00000000186a0000,0x00000000187a0000)]
  0x0000000017161800 JavaThread "Signal Dispatcher" daemon [_thread_blocked, id=17288, stack(0x00000000185a0000,0x00000000186a0000)]
  0x000000001713c000 JavaThread "Finalizer" daemon [_thread_blocked, id=6816, stack(0x00000000183b0000,0x00000000184b0000)]
  0x000000001713a800 JavaThread "Reference Handler" daemon [_thread_blocked, id=10364, stack(0x00000000182b0000,0x00000000183b0000)]
  0x00000000023c9000 JavaThread "main" [_thread_blocked, id=8176, stack(0x00000000022c0000,0x00000000023c0000)]

Other Threads:
  0x0000000017117800 VMThread [stack: 0x00000000181b0000,0x00000000182b0000] [id=11460]
  0x0000000018b5c000 WatcherThread [stack: 0x00000000192a0000,0x00000000193a0000] [id=2604]

VM state:not at safepoint (normal execution)

VM Mutex/Monitor currently owned by a thread: None

heap address: 0x0000000081c00000, size: 2020 MB, Compressed Oops mode: 32-bit
Narrow klass base: 0x0000000000000000, Narrow klass shift: 3
Compressed class space size: 1073741824 Address: 0x0000000100000000

Heap:
 PSYoungGen      total 306688K, used 240155K [0x00000000d5f00000, 0x00000000ece00000, 0x0000000100000000)
  eden space 295936K, 81% used [0x00000000d5f00000,0x00000000e4986fb8,0x00000000e8000000)
  from space 10752K, 0% used [0x00000000e8b00000,0x00000000e8b00000,0x00000000e9580000)
  to   space 11264K, 0% used [0x00000000e8000000,0x00000000e8000000,0x00000000e8b00000)
 ParOldGen       total 81920K, used 15038K [0x0000000081c00000, 0x0000000086c00000, 0x00000000d5f00000)
  object space 81920K, 18% used [0x0000000081c00000,0x0000000082aafa88,0x0000000086c00000)
 Metaspace       used 40447K, capacity 42928K, committed 43136K, reserved 1087488K
  class space    used 5026K, capacity 5444K, committed 5504K, reserved 1048576K

Card table byte_map: [0x00000000119b0000,0x0000000011db0000] byte_map_base: 0x00000000115a2000

Marking Bits: (ParMarkBitMap*) 0x000000006488af90
 Begin Bits: [0x0000000012460000, 0x00000000143f0000)
 End Bits:   [0x00000000143f0000, 0x0000000016380000)

Polling page: 0x0000000002240000

CodeCache: size=245760Kb used=15590Kb max_used=15592Kb free=230169Kb
 bounds [0x00000000025f0000, 0x0000000003560000, 0x00000000115f0000]
 total_blobs=4826 nmethods=4381 adapters=365
 compilation: enabled

Compilation events (10 events):
Event: 7.815 Thread 0x0000000018ae2800 nmethod 4856 0x0000000002eccd50 code [0x0000000002ecce80, 0x0000000002eccf38]
Event: 7.815 Thread 0x0000000018ae2800 4872       4       java.lang.reflect.Modifier::isPrivate (12 bytes)
Event: 7.815 Thread 0x0000000018ae2800 nmethod 4872 0x00000000028886d0 code [0x0000000002888800, 0x0000000002888858]
Event: 7.815 Thread 0x0000000018ae2800 4846       4       java.lang.Class::getDeclaredAnnotations (11 bytes)
Event: 7.819 Thread 0x0000000018ae2800 nmethod 4846 0x00000000027cf890 code [0x00000000027cfa40, 0x00000000027d0008]
Event: 7.819 Thread 0x0000000018ae2800 4984       4       sun.security.util.math.intpoly.IntegerPolynomial$MutableElement::setProduct (6 bytes)
Event: 7.823 Thread 0x0000000018ae2800 nmethod 4984 0x00000000032f0f90 code [0x00000000032f1100, 0x00000000032f1488]
Event: 7.823 Thread 0x0000000018ae2800 4870       4       org.springframework.core.annotation.TypeMappedAnnotations::get (52 bytes)
Event: 7.899 Thread 0x0000000018b2c000 5017       3       sun.reflect.AccessorGenerator::getClassName (184 bytes)
Event: 7.900 Thread 0x0000000018b2c000 nmethod 5017 0x00000000027d2750 code [0x00000000027d2aa0, 0x00000000027d44f8]

GC Heap History (10 events):
Event: 3.056 GC heap before
{Heap before GC invocations=8 (full 1):
 PSYoungGen      total 140800K, used 5201K [0x00000000d5f00000, 0x00000000e7100000, 0x0000000100000000)
  eden space 131584K, 0% used [0x00000000d5f00000,0x00000000d5f00000,0x00000000ddf80000)
  from space 9216K, 56% used [0x00000000ddf80000,0x00000000de4946b0,0x00000000de880000)
  to   space 8704K, 0% used [0x00000000e6880000,0x00000000e6880000,0x00000000e7100000)
 ParOldGen       total 87552K, used 5806K [0x0000000081c00000, 0x0000000087180000, 0x00000000d5f00000)
  object space 87552K, 6% used [0x0000000081c00000,0x00000000821abab8,0x0000000087180000)
 Metaspace       used 20344K, capacity 21214K, committed 21296K, reserved 1069056K
  class space    used 2497K, capacity 2677K, committed 2688K, reserved 1048576K
Event: 3.089 GC heap after
Heap after GC invocations=8 (full 1):
 PSYoungGen      total 140800K, used 0K [0x00000000d5f00000, 0x00000000e7100000, 0x0000000100000000)
  eden space 131584K, 0% used [0x00000000d5f00000,0x00000000d5f00000,0x00000000ddf80000)
  from space 9216K, 0% used [0x00000000ddf80000,0x00000000ddf80000,0x00000000de880000)
  to   space 8704K, 0% used [0x00000000e6880000,0x00000000e6880000,0x00000000e7100000)
 ParOldGen       total 53248K, used 6997K [0x0000000081c00000, 0x0000000085000000, 0x00000000d5f00000)
  object space 53248K, 13% used [0x0000000081c00000,0x00000000822d55d0,0x0000000085000000)
 Metaspace       used 20344K, capacity 21214K, committed 21296K, reserved 1069056K
  class space    used 2497K, capacity 2677K, committed 2688K, reserved 1048576K
}
Event: 3.687 GC heap before
{Heap before GC invocations=9 (full 1):
 PSYoungGen      total 140800K, used 131584K [0x00000000d5f00000, 0x00000000e7100000, 0x0000000100000000)
  eden space 131584K, 100% used [0x00000000d5f00000,0x00000000ddf80000,0x00000000ddf80000)
  from space 9216K, 0% used [0x00000000ddf80000,0x00000000ddf80000,0x00000000de880000)
  to   space 8704K, 0% used [0x00000000e6880000,0x00000000e6880000,0x00000000e7100000)
 ParOldGen       total 53248K, used 6997K [0x0000000081c00000, 0x0000000085000000, 0x00000000d5f00000)
  object space 53248K, 13% used [0x0000000081c00000,0x00000000822d55d0,0x0000000085000000)
 Metaspace       used 22563K, capacity 23610K, committed 23808K, reserved 1071104K
  class space    used 2777K, capacity 3011K, committed 3072K, reserved 1048576K
Event: 3.692 GC heap after
Heap after GC invocations=9 (full 1):
 PSYoungGen      total 222208K, used 4521K [0x00000000d5f00000, 0x00000000e6d00000, 0x0000000100000000)
  eden space 217600K, 0% used [0x00000000d5f00000,0x00000000d5f00000,0x00000000e3380000)
  from space 4608K, 98% used [0x00000000e6880000,0x00000000e6cea4d8,0x00000000e6d00000)
  to   space 8704K, 0% used [0x00000000e5c00000,0x00000000e5c00000,0x00000000e6480000)
 ParOldGen       total 53248K, used 7005K [0x0000000081c00000, 0x0000000085000000, 0x00000000d5f00000)
  object space 53248K, 13% used [0x0000000081c00000,0x00000000822d75d0,0x0000000085000000)
 Metaspace       used 22563K, capacity 23610K, committed 23808K, reserved 1071104K
  class space    used 2777K, capacity 3011K, committed 3072K, reserved 1048576K
}
Event: 5.917 GC heap before
{Heap before GC invocations=10 (full 1):
 PSYoungGen      total 222208K, used 222121K [0x00000000d5f00000, 0x00000000e6d00000, 0x0000000100000000)
  eden space 217600K, 100% used [0x00000000d5f00000,0x00000000e3380000,0x00000000e3380000)
  from space 4608K, 98% used [0x00000000e6880000,0x00000000e6cea4d8,0x00000000e6d00000)
  to   space 8704K, 0% used [0x00000000e5c00000,0x00000000e5c00000,0x00000000e6480000)
 ParOldGen       total 53248K, used 7005K [0x0000000081c00000, 0x0000000085000000, 0x00000000d5f00000)
  object space 53248K, 13% used [0x0000000081c00000,0x00000000822d75d0,0x0000000085000000)
 Metaspace       used 30059K, capacity 31742K, committed 31872K, reserved 1077248K
  class space    used 3800K, capacity 4111K, committed 4224K, reserved 1048576K
Event: 5.928 GC heap after
Heap after GC invocations=10 (full 1):
 PSYoungGen      total 267776K, used 8674K [0x00000000d5f00000, 0x00000000e9580000, 0x0000000100000000)
  eden space 259072K, 0% used [0x00000000d5f00000,0x00000000d5f00000,0x00000000e5c00000)
  from space 8704K, 99% used [0x00000000e5c00000,0x00000000e64789c0,0x00000000e6480000)
  to   space 10752K, 0% used [0x00000000e8b00000,0x00000000e8b00000,0x00000000e9580000)
 ParOldGen       total 53248K, used 9930K [0x0000000081c00000, 0x0000000085000000, 0x00000000d5f00000)
  object space 53248K, 18% used [0x0000000081c00000,0x00000000825b28d0,0x0000000085000000)
 Metaspace       used 30059K, capacity 31742K, committed 31872K, reserved 1077248K
  class space    used 3800K, capacity 4111K, committed 4224K, reserved 1048576K
}
Event: 6.457 GC heap before
{Heap before GC invocations=11 (full 1):
 PSYoungGen      total 267776K, used 48837K [0x00000000d5f00000, 0x00000000e9580000, 0x0000000100000000)
  eden space 259072K, 15% used [0x00000000d5f00000,0x00000000d8638ba0,0x00000000e5c00000)
  from space 8704K, 99% used [0x00000000e5c00000,0x00000000e64789c0,0x00000000e6480000)
  to   space 10752K, 0% used [0x00000000e8b00000,0x00000000e8b00000,0x00000000e9580000)
 ParOldGen       total 53248K, used 9930K [0x0000000081c00000, 0x0000000085000000, 0x00000000d5f00000)
  object space 53248K, 18% used [0x0000000081c00000,0x00000000825b28d0,0x0000000085000000)
 Metaspace       used 33203K, capacity 35372K, committed 35496K, reserved 1081344K
  class space    used 4199K, capacity 4590K, committed 4608K, reserved 1048576K
Event: 6.466 GC heap after
Heap after GC invocations=11 (full 1):
 PSYoungGen      total 306688K, used 7893K [0x00000000d5f00000, 0x00000000ece00000, 0x0000000100000000)
  eden space 295936K, 0% used [0x00000000d5f00000,0x00000000d5f00000,0x00000000e8000000)
  from space 10752K, 73% used [0x00000000e8b00000,0x00000000e92b5540,0x00000000e9580000)
  to   space 11264K, 0% used [0x00000000e8000000,0x00000000e8000000,0x00000000e8b00000)
 ParOldGen       total 53248K, used 11468K [0x0000000081c00000, 0x0000000085000000, 0x00000000d5f00000)
  object space 53248K, 21% used [0x0000000081c00000,0x0000000082733198,0x0000000085000000)
 Metaspace       used 33203K, capacity 35372K, committed 35496K, reserved 1081344K
  class space    used 4199K, capacity 4590K, committed 4608K, reserved 1048576K
}
Event: 6.466 GC heap before
{Heap before GC invocations=12 (full 2):
 PSYoungGen      total 306688K, used 7893K [0x00000000d5f00000, 0x00000000ece00000, 0x0000000100000000)
  eden space 295936K, 0% used [0x00000000d5f00000,0x00000000d5f00000,0x00000000e8000000)
  from space 10752K, 73% used [0x00000000e8b00000,0x00000000e92b5540,0x00000000e9580000)
  to   space 11264K, 0% used [0x00000000e8000000,0x00000000e8000000,0x00000000e8b00000)
 ParOldGen       total 53248K, used 11468K [0x0000000081c00000, 0x0000000085000000, 0x00000000d5f00000)
  object space 53248K, 21% used [0x0000000081c00000,0x0000000082733198,0x0000000085000000)
 Metaspace       used 33203K, capacity 35372K, committed 35496K, reserved 1081344K
  class space    used 4199K, capacity 4590K, committed 4608K, reserved 1048576K
Event: 6.522 GC heap after
Heap after GC invocations=12 (full 2):
 PSYoungGen      total 306688K, used 0K [0x00000000d5f00000, 0x00000000ece00000, 0x0000000100000000)
  eden space 295936K, 0% used [0x00000000d5f00000,0x00000000d5f00000,0x00000000e8000000)
  from space 10752K, 0% used [0x00000000e8b00000,0x00000000e8b00000,0x00000000e9580000)
  to   space 11264K, 0% used [0x00000000e8000000,0x00000000e8000000,0x00000000e8b00000)
 ParOldGen       total 81920K, used 15038K [0x0000000081c00000, 0x0000000086c00000, 0x00000000d5f00000)
  object space 81920K, 18% used [0x0000000081c00000,0x0000000082aafa88,0x0000000086c00000)
 Metaspace       used 33203K, capacity 35372K, committed 35496K, reserved 1081344K
  class space    used 4199K, capacity 4590K, committed 4608K, reserved 1048576K
}

Deoptimization events (10 events):
Event: 7.233 Thread 0x000000001942d800 Uncommon trap: reason=unstable_if action=reinterpret pc=0x00000000028e6088 method=sun.net.util.IPAddressUtil.scan(Ljava/lang/String;JJ[C)I @ 14
Event: 7.248 Thread 0x000000001942d800 Uncommon trap: reason=unstable_if action=reinterpret pc=0x00000000034997ec method=java.util.Properties.load0(Ljava/util/Properties$LineReader;)V @ 33
Event: 7.248 Thread 0x000000001942d800 Uncommon trap: reason=unstable_if action=reinterpret pc=0x000000000338d108 method=java.util.Properties.load0(Ljava/util/Properties$LineReader;)V @ 33
Event: 7.248 Thread 0x000000001942d800 Uncommon trap: reason=bimorphic action=maybe_recompile pc=0x0000000002e22fa8 method=java.util.Properties$LineReader.readLine()I @ 410
Event: 7.389 Thread 0x000000001942d800 Uncommon trap: reason=unstable_if action=reinterpret pc=0x00000000029933c8 method=java.util.concurrent.locks.ReentrantLock$NonfairSync.lock()V @ 6
Event: 7.543 Thread 0x000000001942d800 Uncommon trap: reason=unstable_if action=reinterpret pc=0x000000000351ade0 method=org.springframework.core.annotation.AnnotationsScanner.processMethodHierarchy(Ljava/lang/Object;[ILjava/lang/Class;Lorg/springframework/core/annotation/AnnotationsProcessor;
Event: 7.549 Thread 0x000000001942d800 Uncommon trap: reason=unstable_if action=reinterpret pc=0x00000000033ff064 method=org.springframework.boot.context.properties.source.ConfigurationPropertyName.getElement(ILorg/springframework/boot/context/properties/source/ConfigurationPropertyName$Form;)
Event: 7.801 Thread 0x000000001942d800 Uncommon trap: reason=unstable_if action=reinterpret pc=0x0000000002b5fe68 method=java.net.URL.<init>(Ljava/net/URL;Ljava/lang/String;Ljava/net/URLStreamHandler;)V @ 57
Event: 7.801 Thread 0x000000001942d800 Uncommon trap: reason=unstable_if action=reinterpret pc=0x0000000002aea238 method=java.net.URLStreamHandler.parseURL(Ljava/net/URL;Ljava/lang/String;II)V @ 57
Event: 7.801 Thread 0x000000001942d800 Uncommon trap: reason=unstable_if action=reinterpret pc=0x0000000002bc9c98 method=java.io.WinNTFileSystem.resolve(Ljava/lang/String;Ljava/lang/String;)Ljava/lang/String; @ 19

Classes redefined (0 events):
No events

Internal exceptions (10 events):
Event: 6.911 Thread 0x000000001942d800 Exception <a 'java/lang/ClassNotFoundException': org/springframework/context/ApplicationEventPublisherAwareCustomizer> (0x00000000ded19370) thrown at [C:\jenkins\workspace\8-2-build-windows-amd64-cygwin\jdk8u251\737\hotspot\src\share\vm\classfile\systemDi
Event: 6.914 Thread 0x000000001942d800 Exception <a 'java/lang/ClassNotFoundException': org/springframework/beans/factory/AwareCustomizer> (0x00000000ded4f280) thrown at [C:\jenkins\workspace\8-2-build-windows-amd64-cygwin\jdk8u251\737\hotspot\src\share\vm\classfile\systemDictionary.cpp, line 
Event: 6.924 Thread 0x000000001942d800 Exception <a 'java/lang/ClassNotFoundException': java/lang/ObjectCustomizer> (0x00000000dedd8198) thrown at [C:\jenkins\workspace\8-2-build-windows-amd64-cygwin\jdk8u251\737\hotspot\src\share\vm\classfile\systemDictionary.cpp, line 210]
Event: 6.926 Thread 0x000000001942d800 Exception <a 'java/lang/ClassNotFoundException': org/springframework/core/io/support/PropertiesLoaderSupportCustomizer> (0x00000000dee1bc18) thrown at [C:\jenkins\workspace\8-2-build-windows-amd64-cygwin\jdk8u251\737\hotspot\src\share\vm\classfile\systemD
Event: 6.928 Thread 0x000000001942d800 Exception <a 'java/lang/ClassNotFoundException': org/springframework/beans/factory/config/PropertiesFactoryBeanCustomizer> (0x00000000dee663e0) thrown at [C:\jenkins\workspace\8-2-build-windows-amd64-cygwin\jdk8u251\737\hotspot\src\share\vm\classfile\syst
Event: 6.930 Thread 0x000000001942d800 Exception <a 'java/lang/ClassNotFoundException': org/springframework/beans/factory/FactoryBeanCustomizer> (0x00000000deec8308) thrown at [C:\jenkins\workspace\8-2-build-windows-amd64-cygwin\jdk8u251\737\hotspot\src\share\vm\classfile\systemDictionary.cpp,
Event: 6.932 Thread 0x000000001942d800 Exception <a 'java/lang/ClassNotFoundException': org/springframework/beans/factory/InitializingBeanCustomizer> (0x00000000def061d8) thrown at [C:\jenkins\workspace\8-2-build-windows-amd64-cygwin\jdk8u251\737\hotspot\src\share\vm\classfile\systemDictionary
Event: 7.013 Thread 0x000000001942d800 Implicit null exception at 0x00000000027e8a99 to 0x00000000027e8f79
Event: 7.067 Thread 0x000000001942d800 Implicit null exception at 0x0000000002f51d2c to 0x0000000002f51dcd
Event: 7.113 Thread 0x000000001942d800 Implicit null exception at 0x000000000327337e to 0x0000000003273421

Events (10 events):
Event: 7.937 loading class org/hibernate/engine/jdbc/connections/internal/ConnectionProviderInitiator
Event: 7.937 loading class org/hibernate/engine/jdbc/connections/internal/ConnectionProviderInitiator done
Event: 7.939 loading class org/hibernate/engine/jdbc/connections/spi/ConnectionProvider
Event: 7.939 loading class org/hibernate/engine/jdbc/connections/spi/ConnectionProvider done
Event: 7.940 loading class org/hibernate/service/spi/Wrapped
Event: 7.940 loading class org/hibernate/service/spi/Wrapped done
Event: 7.942 loading class org/hibernate/internal/util/beans/BeanInfoHelper$BeanInfoDelegate
Event: 7.942 loading class org/hibernate/internal/util/beans/BeanInfoHelper$BeanInfoDelegate done
Event: 7.943 loading class org/hibernate/internal/CoreMessageLogger_$logger_en_IN
Event: 7.943 loading class org/hibernate/internal/CoreMessageLogger_$logger_en_IN done


Dynamic libraries:
0x00007ff7cf5a0000 - 0x00007ff7cf5d7000 	C:\Program Files\Java\jdk1.8.0_251\bin\java.exe
0x00007ffd26250000 - 0x00007ffd2642b000 	C:\Windows\SYSTEM32\ntdll.dll
0x00007ffd23f40000 - 0x00007ffd23fee000 	C:\Windows\System32\KERNEL32.DLL
0x00007ffd22ab0000 - 0x00007ffd22cfa000 	C:\Windows\System32\KERNELBASE.dll
0x00007ffd243b0000 - 0x00007ffd24451000 	C:\Windows\System32\ADVAPI32.dll
0x00007ffd23b60000 - 0x00007ffd23bfd000 	C:\Windows\System32\msvcrt.dll
0x00007ffd23c70000 - 0x00007ffd23cc9000 	C:\Windows\System32\sechost.dll
0x00007ffd24100000 - 0x00007ffd24225000 	C:\Windows\System32\RPCRT4.dll
0x00007ffd259c0000 - 0x00007ffd25b0a000 	C:\Windows\System32\USER32.dll
0x00007ffd22d00000 - 0x00007ffd22d1e000 	C:\Windows\System32\win32u.dll
0x00007ffd23df0000 - 0x00007ffd23e17000 	C:\Windows\System32\GDI32.dll
0x00007ffd23620000 - 0x00007ffd237a8000 	C:\Windows\System32\gdi32full.dll
0x00007ffd22770000 - 0x00007ffd2280a000 	C:\Windows\System32\msvcp_win.dll
0x00007ffd234d0000 - 0x00007ffd235c6000 	C:\Windows\System32\ucrtbase.dll
0x00007ffd12040000 - 0x00007ffd122a7000 	C:\Windows\WinSxS\amd64_microsoft.windows.common-controls_6595b64144ccf1df_6.0.15063.1155_none_40c7922129a7722b\COMCTL32.dll
0x00007ffd25b10000 - 0x00007ffd25e09000 	C:\Windows\System32\combase.dll
0x00007ffd22810000 - 0x00007ffd2287a000 	C:\Windows\System32\bcryptPrimitives.dll
0x00007ffd24380000 - 0x00007ffd243ad000 	C:\Windows\System32\IMM32.DLL
0x0000000064910000 - 0x00000000649e2000 	C:\Program Files\Java\jdk1.8.0_251\jre\bin\msvcr100.dll
0x0000000064060000 - 0x000000006490b000 	C:\Program Files\Java\jdk1.8.0_251\jre\bin\server\jvm.dll
0x00007ffd23c00000 - 0x00007ffd23c08000 	C:\Windows\System32\PSAPI.DLL
0x00007ffd20c90000 - 0x00007ffd20cb3000 	C:\Windows\SYSTEM32\WINMM.dll
0x00007ffd20050000 - 0x00007ffd20059000 	C:\Windows\SYSTEM32\WSOCK32.dll
0x00007ffd24460000 - 0x00007ffd244cc000 	C:\Windows\System32\WS2_32.dll
0x00007ffd17eb0000 - 0x00007ffd17eba000 	C:\Windows\SYSTEM32\VERSION.dll
0x00007ffd20c20000 - 0x00007ffd20c4b000 	C:\Windows\SYSTEM32\WINMMBASE.dll
0x00007ffd235d0000 - 0x00007ffd23619000 	C:\Windows\System32\cfgmgr32.dll
0x00007ffd20040000 - 0x00007ffd2004f000 	C:\Program Files\Java\jdk1.8.0_251\jre\bin\verify.dll
0x00007ffd10f10000 - 0x00007ffd10f39000 	C:\Program Files\Java\jdk1.8.0_251\jre\bin\java.dll
0x00007ffd04290000 - 0x00007ffd042c5000 	C:\Program Files\Java\jdk1.8.0_251\jre\bin\jdwp.dll
0x00007ffd1ffe0000 - 0x00007ffd1ffe8000 	C:\Program Files\Java\jdk1.8.0_251\jre\bin\npt.dll
0x00007ffd113a0000 - 0x00007ffd113c3000 	C:\Program Files\Java\jdk1.8.0_251\jre\bin\instrument.dll
0x00007ffd1ab80000 - 0x00007ffd1ab96000 	C:\Program Files\Java\jdk1.8.0_251\jre\bin\zip.dll
0x00007ffd244d0000 - 0x00007ffd25908000 	C:\Windows\System32\SHELL32.dll
0x00007ffd24050000 - 0x00007ffd240fa000 	C:\Windows\System32\shcore.dll
0x00007ffd22d20000 - 0x00007ffd23411000 	C:\Windows\System32\windows.storage.dll
0x00007ffd23e20000 - 0x00007ffd23e71000 	C:\Windows\System32\shlwapi.dll
0x00007ffd22700000 - 0x00007ffd22711000 	C:\Windows\System32\kernel.appcore.dll
0x00007ffd22720000 - 0x00007ffd2276c000 	C:\Windows\System32\powrprof.dll
0x00007ffd226e0000 - 0x00007ffd226f5000 	C:\Windows\System32\profapi.dll
0x00007ffd1ffa0000 - 0x00007ffd1ffa9000 	C:\Program Files\Java\jdk1.8.0_251\jre\bin\dt_socket.dll
0x00007ffd21f70000 - 0x00007ffd21fcc000 	C:\Windows\system32\mswsock.dll
0x00007ffd1ffd0000 - 0x00007ffd1ffdd000 	C:\Program Files\Java\jdk1.8.0_251\jre\bin\management.dll
0x00007ffd14a30000 - 0x00007ffd14a4a000 	C:\Program Files\Java\jdk1.8.0_251\jre\bin\net.dll
0x00007ffd1e880000 - 0x00007ffd1e896000 	C:\Windows\system32\napinsp.dll
0x00007ffd1e860000 - 0x00007ffd1e87a000 	C:\Windows\system32\pnrpnsp.dll
0x00007ffd1f6d0000 - 0x00007ffd1f6e8000 	C:\Windows\system32\NLAapi.dll
0x00007ffd21d50000 - 0x00007ffd21df4000 	C:\Windows\SYSTEM32\DNSAPI.dll
0x00007ffd259b0000 - 0x00007ffd259b8000 	C:\Windows\System32\NSI.dll
0x00007ffd21d10000 - 0x00007ffd21d47000 	C:\Windows\SYSTEM32\IPHLPAPI.DLL
0x00007ffd0f240000 - 0x00007ffd0f24e000 	C:\Windows\System32\winrnr.dll
0x00007ffd189c0000 - 0x00007ffd189ca000 	C:\Windows\System32\rasadhlp.dll
0x00007ffd1c6a0000 - 0x00007ffd1c70b000 	C:\Windows\System32\fwpuclnt.dll
0x00007ffd22590000 - 0x00007ffd225b5000 	C:\Windows\SYSTEM32\bcrypt.dll
0x00007ffd100e0000 - 0x00007ffd100f2000 	C:\Program Files\Java\jdk1.8.0_251\jre\bin\nio.dll
0x00007ffd22110000 - 0x00007ffd22127000 	C:\Windows\SYSTEM32\CRYPTSP.dll
0x00007ffd21b80000 - 0x00007ffd21bb4000 	C:\Windows\system32\rsaenh.dll
0x00007ffd225f0000 - 0x00007ffd22619000 	C:\Windows\SYSTEM32\USERENV.dll
0x00007ffd22130000 - 0x00007ffd2213b000 	C:\Windows\SYSTEM32\CRYPTBASE.dll
0x00007ffd1dca0000 - 0x00007ffd1dcb6000 	C:\Windows\SYSTEM32\dhcpcsvc6.DLL
0x00007ffd1df50000 - 0x00007ffd1df6a000 	C:\Windows\SYSTEM32\dhcpcsvc.DLL
0x00007ffd11d20000 - 0x00007ffd11d44000 	C:\Program Files\Java\jdk1.8.0_251\jre\bin\sunec.dll
0x00007ffd1ff70000 - 0x00007ffd1ff7c000 	C:\Program Files\Java\jdk1.8.0_251\jre\bin\sunmscapi.dll
0x00007ffd22880000 - 0x00007ffd22a49000 	C:\Windows\System32\CRYPT32.dll
0x00007ffd226c0000 - 0x00007ffd226d1000 	C:\Windows\System32\MSASN1.dll
0x00007ffd221f0000 - 0x00007ffd22215000 	C:\Windows\SYSTEM32\ncrypt.dll
0x00007ffd221b0000 - 0x00007ffd221e6000 	C:\Windows\SYSTEM32\NTASN1.dll

VM Arguments:
jvm_args: -agentlib:jdwp=transport=dt_socket,address=127.0.0.1:51726,suspend=y,server=n -javaagent:C:\Users\env211\AppData\Local\JetBrains\IdeaIC2021.3\captureAgent\debugger-agent.jar -Dfile.encoding=UTF-8 
java_command: com.envision.application.DemoApplication
java_class_path (initial): C:\Program Files\Java\jdk1.8.0_251\jre\lib\charsets.jar;C:\Program Files\Java\jdk1.8.0_251\jre\lib\deploy.jar;C:\Program Files\Java\jdk1.8.0_251\jre\lib\ext\access-bridge-64.jar;C:\Program Files\Java\jdk1.8.0_251\jre\lib\ext\cldrdata.jar;C:\Program Files\Java\jdk1.8.0_251\jre\lib\ext\dnsns.jar;C:\Program Files\Java\jdk1.8.0_251\jre\lib\ext\jaccess.jar;C:\Program Files\Java\jdk1.8.0_251\jre\lib\ext\jfxrt.jar;C:\Program Files\Java\jdk1.8.0_251\jre\lib\ext\localedata.jar;C:\Program Files\Java\jdk1.8.0_251\jre\lib\ext\nashorn.jar;C:\Program Files\Java\jdk1.8.0_251\jre\lib\ext\sunec.jar;C:\Program Files\Java\jdk1.8.0_251\jre\lib\ext\sunjce_provider.jar;C:\Program Files\Java\jdk1.8.0_251\jre\lib\ext\sunmscapi.jar;C:\Program Files\Java\jdk1.8.0_251\jre\lib\ext\sunpkcs11.jar;C:\Program Files\Java\jdk1.8.0_251\jre\lib\ext\zipfs.jar;C:\Program Files\Java\jdk1.8.0_251\jre\lib\javaws.jar;C:\Program Files\Java\jdk1.8.0_251\jre\lib\jce.jar;C:\Program Files\Java\jdk1.8.0_251\jre\lib\jfr.jar;C:\Program Files\Java\jdk1.8.0_251\jre\lib\jfxswt.jar;C:\Program Files\Java\jdk1.8.0_251\jre\lib\jsse.jar;C:\Program Files\Java\jdk1.8.0_251\jre\lib\management-agent.jar;C:\Program Files\Java\jdk1.8.0_251\jre\lib\plugin.jar;C:\Program Files\Java\jdk1.8.0_251\jre\lib\resources.jar;C:\Program Files\Java\jdk1.8.0_251\jre\lib\rt.jar;D:\New Dev\Envision workspace\LTAPP\ApplicationStarter\target\classes;D:\New Dev\Envision workspace\LTAPP\Login\target\classes;D:\New Dev\Envision workspace\LTAPP\common\target\classes;D:\New Dev\Envision workspace\LTAPP\SLA_Dashboard\target\classes;D:\New Dev\Envision workspace\LTAPP\approval.process\target\classes;D:\New Dev\Envision workspace\LTAPP\useraccessmanagement\target\classes;D:\New Dev\Envision workspace\LTAPP\BatchModule\target\classes;D:\New Dev\Envision workspace\LTAPP\cimodule\target\classes;D:\New Dev\Envision workspace\LTAPP\aims\target\classes;C:\Users\env211\.m2\repository\org\springframework\boot\spring-boot-starter-batc
Launcher Type: SUN_STANDARD

Environment Variables:
JAVA_HOME=C:\Program Files\Java\jdk1.8.0_251
PATH=C:\Program Files (x86)\Common Files\Oracle\Java\javapath;C:\Windows\system32;C:\Windows;C:\Windows\System32\Wbem;C:\Windows\System32\WindowsPowerShell\v1.0\;C:\Program Files\Java\jdk1.8.0_251\bin;C:\Program Files\TortoiseSVN\bin;C:\Program Files\TortoiseGit\bin;C:\Users\env211\AppData\Local\Microsoft\WindowsApps;C:\Users\env211\AppData\Local\Programs\Git\cmd;C:\Users\env211\AppData\Local\Programs\Microsoft VS Code\bin;D:\New Dev\Database\pgsql\bin;D:\New Dev\node-v16.13.2-win-x64\node-v16.13.2-win-x64;
USERNAME=env211
OS=Windows_NT
PROCESSOR_IDENTIFIER=Intel64 Family 6 Model 158 Stepping 9, GenuineIntel



---------------  S Y S T E M  ---------------

OS: Windows 10.0 , 64 bit Build 15063 (10.0.15063.1058)

CPU:total 4 (initial active 4) (4 cores per cpu, 1 threads per core) family 6 model 158 stepping 9, cmov, cx8, fxsr, mmx, sse, sse2, sse3, ssse3, sse4.1, sse4.2, popcnt, avx, avx2, aes, clmul, erms, 3dnowpref, lzcnt, tsc, tscinvbit, bmi1, bmi2, adx

Memory: 4k page, physical 8272608k(769624k free), swap 17610460k(4624k free)

vm_info: Java HotSpot(TM) 64-Bit Server VM (25.251-b08) for windows-amd64 JRE (1.8.0_251-b08), built on Mar 12 2020 06:31:49 by "" with MS VC++ 10.0 (VS2010)

time: Mon Mar 07 08:26:52 2022
timezone: India Standard Time
elapsed time: 7 seconds (0d 0h 0m 7s)

