#
# There is insufficient memory for the Java Runtime Environment to continue.
# Native memory allocation (malloc) failed to allocate 1374032 bytes for Chunk::new
# Possible reasons:
#   The system is out of physical RAM or swap space
#   The process is running with CompressedOops enabled, and the Java Heap may be blocking the growth of the native heap
# Possible solutions:
#   Reduce memory load on the system
#   Increase physical memory or swap space
#   Check if swap backing store is full
#   Decrease Java heap size (-Xmx/-Xms)
#   Decrease number of Java threads
#   Decrease Java thread stack sizes (-Xss)
#   Set larger code cache with -XX:ReservedCodeCacheSize=
#   JVM is running with Unscaled Compressed Oops mode in which the Java heap is
#     placed in the first 4GB address space. The Java Heap base address is the
#     maximum limit for the native heap growth. Please use -XX:HeapBaseMinAddress
#     to set the Java Heap base and to place the Java Heap above 4GB virtual address.
# This output file may be truncated or incomplete.
#
#  Out of Memory Error (allocation.cpp:389), pid=4336, tid=0x000000000000482c
#
# JRE version: Java(TM) SE Runtime Environment (8.0_251-b08) (build 1.8.0_251-b08)
# Java VM: Java HotSpot(TM) 64-Bit Server VM (25.251-b08 mixed mode windows-amd64 compressed oops)
# Failed to write core dump. Minidumps are not enabled by default on client versions of Windows
#

---------------  T H R E A D  ---------------

Current thread (0x00000000174b1000):  JavaThread "C2 CompilerThread1" daemon [_thread_in_native, id=18476, stack(0x00000000192d0000,0x00000000193d0000)]

Stack: [0x00000000192d0000,0x00000000193d0000]
[error occurred during error reporting (printing stack bounds), id 0xc0000005]

Native frames: (J=compiled Java code, j=interpreted, Vv=VM code, C=native code)


Current CompileTask:
C2:   7023 3176       4       org.springframework.beans.factory.support.AbstractBeanFactory::isTypeMatch (607 bytes)


---------------  P R O C E S S  ---------------

Java Threads: ( => current thread )
  0x0000000019783800 JavaThread "restartedMain" [_thread_in_native, id=9988, stack(0x000000001b380000,0x000000001b480000)]
  0x000000001a7a9800 JavaThread "Thread-0" [_thread_blocked, id=12532, stack(0x000000001b280000,0x000000001b380000)]
  0x0000000018e7d800 JavaThread "Service Thread" daemon [_thread_blocked, id=1148, stack(0x00000000194d0000,0x00000000195d0000)]
  0x00000000174b2000 JavaThread "C1 CompilerThread2" daemon [_thread_blocked, id=12360, stack(0x00000000193d0000,0x00000000194d0000)]
=>0x00000000174b1000 JavaThread "C2 CompilerThread1" daemon [_thread_in_native, id=18476, stack(0x00000000192d0000,0x00000000193d0000)]
  0x0000000018e12800 JavaThread "C2 CompilerThread0" daemon [_thread_in_native, id=13836, stack(0x00000000191d0000,0x00000000192d0000)]
  0x0000000017498000 JavaThread "JDWP Event Helper Thread" daemon [_thread_blocked, id=9340, stack(0x0000000018bd0000,0x0000000018cd0000)]
  0x000000001748a800 JavaThread "JDWP Transport Listener: dt_socket" daemon [_thread_in_native, id=2996, stack(0x0000000018ad0000,0x0000000018bd0000)]
  0x0000000017480800 JavaThread "Attach Listener" daemon [_thread_blocked, id=10988, stack(0x00000000189d0000,0x0000000018ad0000)]
  0x000000001747f000 JavaThread "Signal Dispatcher" daemon [_thread_blocked, id=12704, stack(0x00000000188d0000,0x00000000189d0000)]
  0x00000000027cd800 JavaThread "Finalizer" daemon [_thread_blocked, id=17180, stack(0x00000000186e0000,0x00000000187e0000)]
  0x00000000027ca000 JavaThread "Reference Handler" daemon [_thread_blocked, id=10580, stack(0x00000000185e0000,0x00000000186e0000)]
  0x00000000026d9000 JavaThread "main" [_thread_blocked, id=13548, stack(0x00000000025a0000,0x00000000026a0000)]

Other Threads:
  0x0000000017437800 VMThread [stack: 0x00000000184e0000,0x00000000185e0000] [id=3580]
  0x0000000018e83000 WatcherThread [stack: 0x00000000195d0000,0x00000000196d0000] [id=11016]

VM state:not at safepoint (normal execution)

VM Mutex/Monitor currently owned by a thread: None

heap address: 0x0000000081c00000, size: 2020 MB, Compressed Oops mode: 32-bit
Narrow klass base: 0x0000000000000000, Narrow klass shift: 3
Compressed class space size: 1073741824 Address: 0x0000000100000000

Heap:
 PSYoungGen      total 138752K, used 108805K [0x00000000d5f00000, 0x00000000df400000, 0x0000000100000000)
  eden space 131072K, 79% used [0x00000000d5f00000,0x00000000dc4bc990,0x00000000ddf00000)
  from space 7680K, 60% used [0x00000000de880000,0x00000000ded04b68,0x00000000df000000)
  to   space 9728K, 0% used [0x00000000ddf00000,0x00000000ddf00000,0x00000000de880000)
 ParOldGen       total 51712K, used 6627K [0x0000000081c00000, 0x0000000084e80000, 0x00000000d5f00000)
  object space 51712K, 12% used [0x0000000081c00000,0x0000000082278fb0,0x0000000084e80000)
 Metaspace       used 25650K, capacity 27142K, committed 27392K, reserved 1073152K
  class space    used 3199K, capacity 3507K, committed 3584K, reserved 1048576K

Card table byte_map: [0x0000000011d00000,0x0000000012100000] byte_map_base: 0x00000000118f2000

Marking Bits: (ParMarkBitMap*) 0x000000006488af90
 Begin Bits: [0x00000000127b0000, 0x0000000014740000)
 End Bits:   [0x0000000014740000, 0x00000000166d0000)

Polling page: 0x0000000000d90000

CodeCache: size=245760Kb used=11945Kb max_used=11945Kb free=233814Kb
 bounds [0x0000000002940000, 0x0000000003500000, 0x0000000011940000]
 total_blobs=3613 nmethods=3260 adapters=273
 compilation: enabled

Compilation events (10 events):
Event: 6.522 Thread 0x00000000174b2000 3268       1       org.springframework.context.annotation.ScopeMetadata::getScopeName (5 bytes)
Event: 6.522 Thread 0x00000000174b2000 nmethod 3268 0x00000000034bdd50 code [0x00000000034bdea0, 0x00000000034bdfb0]
Event: 6.522 Thread 0x00000000174b2000 3269       1       org.springframework.context.annotation.ScopeMetadata::getScopedProxyMode (5 bytes)
Event: 6.522 Thread 0x00000000174b2000 nmethod 3269 0x00000000034bda50 code [0x00000000034bdba0, 0x00000000034bdcb0]
Event: 6.522 Thread 0x00000000174b2000 3270       1       org.springframework.context.annotation.ConfigurationClass::getBeanMethods (5 bytes)
Event: 6.522 Thread 0x00000000174b2000 nmethod 3270 0x00000000034f0390 code [0x00000000034f04e0, 0x00000000034f05f0]
Event: 6.524 Thread 0x00000000174b2000 3271       1       org.springframework.context.annotation.ConfigurationClass::getImportedResources (5 bytes)
Event: 6.524 Thread 0x00000000174b2000 nmethod 3271 0x00000000034f0650 code [0x00000000034f07a0, 0x00000000034f08b0]
Event: 6.524 Thread 0x00000000174b2000 3272       1       org.springframework.context.annotation.ConfigurationClass::getImportBeanDefinitionRegistrars (5 bytes)
Event: 6.524 Thread 0x00000000174b2000 nmethod 3272 0x00000000034f0910 code [0x00000000034f0a60, 0x00000000034f0b70]

GC Heap History (10 events):
Event: 3.044 GC heap before
{Heap before GC invocations=5 (full 0):
 PSYoungGen      total 71680K, used 70746K [0x00000000d5f00000, 0x00000000daa00000, 0x0000000100000000)
  eden space 66560K, 100% used [0x00000000d5f00000,0x00000000da000000,0x00000000da000000)
  from space 5120K, 81% used [0x00000000da500000,0x00000000da9168d0,0x00000000daa00000)
  to   space 5120K, 0% used [0x00000000da000000,0x00000000da000000,0x00000000da500000)
 ParOldGen       total 87552K, used 673K [0x0000000081c00000, 0x0000000087180000, 0x00000000d5f00000)
  object space 87552K, 0% used [0x0000000081c00000,0x0000000081ca8448,0x0000000087180000)
 Metaspace       used 16009K, capacity 16758K, committed 17024K, reserved 1064960K
  class space    used 1954K, capacity 2130K, committed 2176K, reserved 1048576K
Event: 3.051 GC heap after
Heap after GC invocations=5 (full 0):
 PSYoungGen      total 71680K, used 5103K [0x00000000d5f00000, 0x00000000df000000, 0x0000000100000000)
  eden space 66560K, 0% used [0x00000000d5f00000,0x00000000d5f00000,0x00000000da000000)
  from space 5120K, 99% used [0x00000000da000000,0x00000000da4fbd98,0x00000000da500000)
  to   space 7680K, 0% used [0x00000000de880000,0x00000000de880000,0x00000000df000000)
 ParOldGen       total 87552K, used 3239K [0x0000000081c00000, 0x0000000087180000, 0x00000000d5f00000)
  object space 87552K, 3% used [0x0000000081c00000,0x0000000081f29dc0,0x0000000087180000)
 Metaspace       used 16009K, capacity 16758K, committed 17024K, reserved 1064960K
  class space    used 1954K, capacity 2130K, committed 2176K, reserved 1048576K
}
Event: 3.562 GC heap before
{Heap before GC invocations=6 (full 0):
 PSYoungGen      total 71680K, used 71663K [0x00000000d5f00000, 0x00000000df000000, 0x0000000100000000)
  eden space 66560K, 100% used [0x00000000d5f00000,0x00000000da000000,0x00000000da000000)
  from space 5120K, 99% used [0x00000000da000000,0x00000000da4fbd98,0x00000000da500000)
  to   space 7680K, 0% used [0x00000000de880000,0x00000000de880000,0x00000000df000000)
 ParOldGen       total 87552K, used 3239K [0x0000000081c00000, 0x0000000087180000, 0x00000000d5f00000)
  object space 87552K, 3% used [0x0000000081c00000,0x0000000081f29dc0,0x0000000087180000)
 Metaspace       used 19918K, capacity 20754K, committed 20864K, reserved 1067008K
  class space    used 2459K, capacity 2638K, committed 2688K, reserved 1048576K
Event: 3.573 GC heap after
Heap after GC invocations=6 (full 0):
 PSYoungGen      total 138752K, used 7659K [0x00000000d5f00000, 0x00000000df400000, 0x0000000100000000)
  eden space 131072K, 0% used [0x00000000d5f00000,0x00000000d5f00000,0x00000000ddf00000)
  from space 7680K, 99% used [0x00000000de880000,0x00000000deffacf0,0x00000000df000000)
  to   space 9728K, 0% used [0x00000000ddf00000,0x00000000ddf00000,0x00000000de880000)
 ParOldGen       total 87552K, used 4252K [0x0000000081c00000, 0x0000000087180000, 0x00000000d5f00000)
  object space 87552K, 4% used [0x0000000081c00000,0x0000000082027028,0x0000000087180000)
 Metaspace       used 19918K, capacity 20754K, committed 20864K, reserved 1067008K
  class space    used 2459K, capacity 2638K, committed 2688K, reserved 1048576K
}
Event: 3.916 GC heap before
{Heap before GC invocations=7 (full 0):
 PSYoungGen      total 138752K, used 33567K [0x00000000d5f00000, 0x00000000df400000, 0x0000000100000000)
  eden space 131072K, 19% used [0x00000000d5f00000,0x00000000d784d0b0,0x00000000ddf00000)
  from space 7680K, 99% used [0x00000000de880000,0x00000000deffacf0,0x00000000df000000)
  to   space 9728K, 0% used [0x00000000ddf00000,0x00000000ddf00000,0x00000000de880000)
 ParOldGen       total 87552K, used 4252K [0x0000000081c00000, 0x0000000087180000, 0x00000000d5f00000)
  object space 87552K, 4% used [0x0000000081c00000,0x0000000082027028,0x0000000087180000)
 Metaspace       used 20342K, capacity 21214K, committed 21296K, reserved 1069056K
  class space    used 2497K, capacity 2677K, committed 2688K, reserved 1048576K
Event: 3.923 GC heap after
Heap after GC invocations=7 (full 0):
 PSYoungGen      total 140800K, used 4800K [0x00000000d5f00000, 0x00000000df400000, 0x0000000100000000)
  eden space 131072K, 0% used [0x00000000d5f00000,0x00000000d5f00000,0x00000000ddf00000)
  from space 9728K, 49% used [0x00000000ddf00000,0x00000000de3b01d0,0x00000000de880000)
  to   space 7680K, 0% used [0x00000000de880000,0x00000000de880000,0x00000000df000000)
 ParOldGen       total 87552K, used 6199K [0x0000000081c00000, 0x0000000087180000, 0x00000000d5f00000)
  object space 87552K, 7% used [0x0000000081c00000,0x000000008220dd60,0x0000000087180000)
 Metaspace       used 20342K, capacity 21214K, committed 21296K, reserved 1069056K
  class space    used 2497K, capacity 2677K, committed 2688K, reserved 1048576K
}
Event: 3.923 GC heap before
{Heap before GC invocations=8 (full 1):
 PSYoungGen      total 140800K, used 4800K [0x00000000d5f00000, 0x00000000df400000, 0x0000000100000000)
  eden space 131072K, 0% used [0x00000000d5f00000,0x00000000d5f00000,0x00000000ddf00000)
  from space 9728K, 49% used [0x00000000ddf00000,0x00000000de3b01d0,0x00000000de880000)
  to   space 7680K, 0% used [0x00000000de880000,0x00000000de880000,0x00000000df000000)
 ParOldGen       total 87552K, used 6199K [0x0000000081c00000, 0x0000000087180000, 0x00000000d5f00000)
  object space 87552K, 7% used [0x0000000081c00000,0x000000008220dd60,0x0000000087180000)
 Metaspace       used 20342K, capacity 21214K, committed 21296K, reserved 1069056K
  class space    used 2497K, capacity 2677K, committed 2688K, reserved 1048576K
Event: 3.955 GC heap after
Heap after GC invocations=8 (full 1):
 PSYoungGen      total 140800K, used 0K [0x00000000d5f00000, 0x00000000df400000, 0x0000000100000000)
  eden space 131072K, 0% used [0x00000000d5f00000,0x00000000d5f00000,0x00000000ddf00000)
  from space 9728K, 0% used [0x00000000ddf00000,0x00000000ddf00000,0x00000000de880000)
  to   space 7680K, 0% used [0x00000000de880000,0x00000000de880000,0x00000000df000000)
 ParOldGen       total 51712K, used 6619K [0x0000000081c00000, 0x0000000084e80000, 0x00000000d5f00000)
  object space 51712K, 12% used [0x0000000081c00000,0x0000000082276fb0,0x0000000084e80000)
 Metaspace       used 20342K, capacity 21214K, committed 21296K, reserved 1069056K
  class space    used 2497K, capacity 2677K, committed 2688K, reserved 1048576K
}
Event: 4.908 GC heap before
{Heap before GC invocations=9 (full 1):
 PSYoungGen      total 140800K, used 131072K [0x00000000d5f00000, 0x00000000df400000, 0x0000000100000000)
  eden space 131072K, 100% used [0x00000000d5f00000,0x00000000ddf00000,0x00000000ddf00000)
  from space 9728K, 0% used [0x00000000ddf00000,0x00000000ddf00000,0x00000000de880000)
  to   space 7680K, 0% used [0x00000000de880000,0x00000000de880000,0x00000000df000000)
 ParOldGen       total 51712K, used 6619K [0x0000000081c00000, 0x0000000084e80000, 0x00000000d5f00000)
  object space 51712K, 12% used [0x0000000081c00000,0x0000000082276fb0,0x0000000084e80000)
 Metaspace       used 22553K, capacity 23610K, committed 23808K, reserved 1071104K
  class space    used 2778K, capacity 3011K, committed 3072K, reserved 1048576K
Event: 4.912 GC heap after
Heap after GC invocations=9 (full 1):
 PSYoungGen      total 138752K, used 4626K [0x00000000d5f00000, 0x00000000df400000, 0x0000000100000000)
  eden space 131072K, 0% used [0x00000000d5f00000,0x00000000d5f00000,0x00000000ddf00000)
  from space 7680K, 60% used [0x00000000de880000,0x00000000ded04b68,0x00000000df000000)
  to   space 9728K, 0% used [0x00000000ddf00000,0x00000000ddf00000,0x00000000de880000)
 ParOldGen       total 51712K, used 6627K [0x0000000081c00000, 0x0000000084e80000, 0x00000000d5f00000)
  object space 51712K, 12% used [0x0000000081c00000,0x0000000082278fb0,0x0000000084e80000)
 Metaspace       used 22553K, capacity 23610K, committed 23808K, reserved 1071104K
  class space    used 2778K, capacity 3011K, committed 3072K, reserved 1048576K
}

Deoptimization events (10 events):
Event: 5.544 Thread 0x0000000019783800 Uncommon trap: reason=class_check action=maybe_recompile pc=0x0000000002b0c7c4 method=java.lang.String.equals(Ljava/lang/Object;)Z @ 8
Event: 5.544 Thread 0x0000000019783800 Uncommon trap: reason=class_check action=maybe_recompile pc=0x0000000002b0c7c4 method=java.lang.String.equals(Ljava/lang/Object;)Z @ 8
Event: 5.545 Thread 0x0000000019783800 Uncommon trap: reason=unstable_if action=reinterpret pc=0x00000000032e472c method=org.springframework.core.annotation.MergedAnnotationsCollection.isMappingForType(Lorg/springframework/core/annotation/AnnotationTypeMapping;Ljava/lang/Object;)Z @ 13
Event: 5.545 Thread 0x0000000019783800 Uncommon trap: reason=class_check action=maybe_recompile pc=0x0000000002b0c7c4 method=java.lang.String.equals(Ljava/lang/Object;)Z @ 8
Event: 5.562 Thread 0x0000000019783800 Uncommon trap: reason=unstable_if action=reinterpret pc=0x000000000311484c method=java.util.Arrays.equals([Ljava/lang/Object;[Ljava/lang/Object;)Z @ 65
Event: 5.646 Thread 0x0000000019783800 Uncommon trap: reason=unstable_if action=reinterpret pc=0x000000000319dd84 method=org.springframework.core.annotation.MergedAnnotationsCollection.isMappingForType(Lorg/springframework/core/annotation/AnnotationTypeMapping;Ljava/lang/Object;)Z @ 13
Event: 5.906 Thread 0x0000000019783800 Uncommon trap: reason=bimorphic action=maybe_recompile pc=0x0000000003413e20 method=org.springframework.core.ResolvableType.equals(Ljava/lang/Object;)Z @ 117
Event: 5.912 Thread 0x0000000019783800 Uncommon trap: reason=bimorphic action=maybe_recompile pc=0x0000000003413e20 method=org.springframework.core.ResolvableType.equals(Ljava/lang/Object;)Z @ 117
Event: 6.108 Thread 0x0000000019783800 Uncommon trap: reason=bimorphic action=maybe_recompile pc=0x0000000003413e20 method=org.springframework.core.ResolvableType.equals(Ljava/lang/Object;)Z @ 117
Event: 6.109 Thread 0x0000000019783800 Uncommon trap: reason=bimorphic action=maybe_recompile pc=0x0000000003413e20 method=org.springframework.core.ResolvableType.equals(Ljava/lang/Object;)Z @ 117

Classes redefined (0 events):
No events

Internal exceptions (10 events):
Event: 3.877 Thread 0x0000000019783800 Exception <a 'java/lang/NoSuchMethodError': java.lang.Object.lambda$or$2(Ljava/util/function/Predicate;Ljava/lang/Object;)Z> (0x00000000d7359258) thrown at [C:\jenkins\workspace\8-2-build-windows-amd64-cygwin\jdk8u251\737\hotspot\src\share\vm\interpreter\
Event: 4.154 Thread 0x0000000018f8b800 Implicit null exception at 0x0000000002c9678d to 0x0000000002c96f4d
Event: 4.208 Thread 0x0000000019783800 Exception <a 'java/lang/IncompatibleClassChangeError': Found class java.lang.Object, but interface was expected> (0x00000000da030a78) thrown at [C:\jenkins\workspace\8-2-build-windows-amd64-cygwin\jdk8u251\737\hotspot\src\share\vm\interpreter\linkResolver
Event: 4.266 Thread 0x0000000019783800 Exception <a 'java/lang/NoSuchMethodError': java.lang.Object.lambda$getAllAnnotationAttributes$0(Lorg/springframework/util/MultiValueMap;)Lorg/springframework/util/MultiValueMap;> (0x00000000da452300) thrown at [C:\jenkins\workspace\8-2-build-windows-amd6
Event: 4.268 Thread 0x0000000019783800 Exception <a 'java/lang/NoSuchMethodError': java.lang.Object.lambda$identity$2(Ljava/lang/Object;)Ljava/lang/Object;> (0x00000000da473860) thrown at [C:\jenkins\workspace\8-2-build-windows-amd64-cygwin\jdk8u251\737\hotspot\src\share\vm\interpreter\linkRes
Event: 5.066 Thread 0x0000000019783800 Exception <a 'java/lang/NoSuchMethodError': java.lang.Object.lambda$getRequiredAttribute$0(Ljava/lang/String;)Ljava/lang/IllegalArgumentException;> (0x00000000d695a638) thrown at [C:\jenkins\workspace\8-2-build-windows-amd64-cygwin\jdk8u251\737\hotspot\sr
Event: 5.499 Thread 0x0000000019783800 Exception <a 'java/lang/NoSuchMethodError': java.lang.Object.lambda$and$5([Ljava/lang/Object;)Ljava/util/stream/Stream;> (0x00000000d8777ac0) thrown at [C:\jenkins\workspace\8-2-build-windows-amd64-cygwin\jdk8u251\737\hotspot\src\share\vm\interpreter\link
Event: 5.538 Thread 0x0000000019783800 Exception <a 'java/lang/NoSuchMethodError': java.lang.Object.lambda$toStream$0(Ljava/util/Optional;)Ljava/util/stream/Stream;> (0x00000000d89d1510) thrown at [C:\jenkins\workspace\8-2-build-windows-amd64-cygwin\jdk8u251\737\hotspot\src\share\vm\interprete
Event: 5.538 Thread 0x0000000019783800 Exception <a 'java/lang/NoSuchMethodError': java.lang.Object.of(Ljava/lang/Object;)Ljava/util/stream/Stream;> (0x00000000d89d4900) thrown at [C:\jenkins\workspace\8-2-build-windows-amd64-cygwin\jdk8u251\737\hotspot\src\share\vm\interpreter\linkResolver.cp
Event: 5.539 Thread 0x0000000019783800 Exception <a 'java/lang/NoSuchMethodError': java.lang.Object.empty()Ljava/util/stream/Stream;> (0x00000000d89d78b0) thrown at [C:\jenkins\workspace\8-2-build-windows-amd64-cygwin\jdk8u251\737\hotspot\src\share\vm\interpreter\linkResolver.cpp, line 620]

Events (10 events):
Event: 6.518 loading class org/springframework/boot/LazyInitializationExcludeFilter
Event: 6.518 loading class org/springframework/boot/LazyInitializationExcludeFilter done
Event: 6.523 Thread 0x0000000019783800 DEOPT PACKING pc=0x0000000002b66981 sp=0x000000001b47ca80
Event: 6.523 Thread 0x0000000019783800 DEOPT UNPACKING pc=0x0000000002987890 sp=0x000000001b47c7d0 mode 1
Event: 6.523 Thread 0x0000000019783800 DEOPT PACKING pc=0x0000000003146c24 sp=0x000000001b47cb00
Event: 6.523 Thread 0x0000000019783800 DEOPT UNPACKING pc=0x0000000002987890 sp=0x000000001b47c830 mode 1
Event: 6.523 Thread 0x0000000019783800 DEOPT PACKING pc=0x000000000314b0cc sp=0x000000001b47cb60
Event: 6.523 Thread 0x0000000019783800 DEOPT UNPACKING pc=0x0000000002987890 sp=0x000000001b47c928 mode 1
Event: 6.523 loading class org/springframework/boot/autoconfigure/jdbc/DataSourceTransactionManagerAutoConfiguration$JdbcTransactionManagerConfiguration
Event: 6.523 loading class org/springframework/boot/autoconfigure/jdbc/DataSourceTransactionManagerAutoConfiguration$JdbcTransactionManagerConfiguration done


Dynamic libraries:
0x00007ff7cf5a0000 - 0x00007ff7cf5d7000 	C:\Program Files\Java\jdk1.8.0_251\bin\java.exe
0x00007ffd26250000 - 0x00007ffd2642b000 	C:\Windows\SYSTEM32\ntdll.dll
0x00007ffd23f40000 - 0x00007ffd23fee000 	C:\Windows\System32\KERNEL32.DLL
0x00007ffd22ab0000 - 0x00007ffd22cfa000 	C:\Windows\System32\KERNELBASE.dll
0x00007ffd243b0000 - 0x00007ffd24451000 	C:\Windows\System32\ADVAPI32.dll
0x00007ffd23b60000 - 0x00007ffd23bfd000 	C:\Windows\System32\msvcrt.dll
0x00007ffd23c70000 - 0x00007ffd23cc9000 	C:\Windows\System32\sechost.dll
0x00007ffd24100000 - 0x00007ffd24225000 	C:\Windows\System32\RPCRT4.dll
0x00007ffd259c0000 - 0x00007ffd25b0a000 	C:\Windows\System32\USER32.dll
0x00007ffd22d00000 - 0x00007ffd22d1e000 	C:\Windows\System32\win32u.dll
0x00007ffd23df0000 - 0x00007ffd23e17000 	C:\Windows\System32\GDI32.dll
0x00007ffd23620000 - 0x00007ffd237a8000 	C:\Windows\System32\gdi32full.dll
0x00007ffd22770000 - 0x00007ffd2280a000 	C:\Windows\System32\msvcp_win.dll
0x00007ffd234d0000 - 0x00007ffd235c6000 	C:\Windows\System32\ucrtbase.dll
0x00007ffd12040000 - 0x00007ffd122a7000 	C:\Windows\WinSxS\amd64_microsoft.windows.common-controls_6595b64144ccf1df_6.0.15063.1155_none_40c7922129a7722b\COMCTL32.dll
0x00007ffd25b10000 - 0x00007ffd25e09000 	C:\Windows\System32\combase.dll
0x00007ffd22810000 - 0x00007ffd2287a000 	C:\Windows\System32\bcryptPrimitives.dll
0x00007ffd24380000 - 0x00007ffd243ad000 	C:\Windows\System32\IMM32.DLL
0x0000000064910000 - 0x00000000649e2000 	C:\Program Files\Java\jdk1.8.0_251\jre\bin\msvcr100.dll
0x0000000064060000 - 0x000000006490b000 	C:\Program Files\Java\jdk1.8.0_251\jre\bin\server\jvm.dll
0x00007ffd23c00000 - 0x00007ffd23c08000 	C:\Windows\System32\PSAPI.DLL
0x00007ffd20050000 - 0x00007ffd20059000 	C:\Windows\SYSTEM32\WSOCK32.dll
0x00007ffd24460000 - 0x00007ffd244cc000 	C:\Windows\System32\WS2_32.dll
0x00007ffd20c90000 - 0x00007ffd20cb3000 	C:\Windows\SYSTEM32\WINMM.dll
0x00007ffd17eb0000 - 0x00007ffd17eba000 	C:\Windows\SYSTEM32\VERSION.dll
0x00007ffd20c20000 - 0x00007ffd20c4b000 	C:\Windows\SYSTEM32\WINMMBASE.dll
0x00007ffd235d0000 - 0x00007ffd23619000 	C:\Windows\System32\cfgmgr32.dll
0x00007ffd20040000 - 0x00007ffd2004f000 	C:\Program Files\Java\jdk1.8.0_251\jre\bin\verify.dll
0x00007ffd10f10000 - 0x00007ffd10f39000 	C:\Program Files\Java\jdk1.8.0_251\jre\bin\java.dll
0x00007ffd042c0000 - 0x00007ffd042f5000 	C:\Program Files\Java\jdk1.8.0_251\jre\bin\jdwp.dll
0x00007ffd11fd0000 - 0x00007ffd11fd8000 	C:\Program Files\Java\jdk1.8.0_251\jre\bin\npt.dll
0x00007ffd118c0000 - 0x00007ffd118e3000 	C:\Program Files\Java\jdk1.8.0_251\jre\bin\instrument.dll
0x00007ffd1ab80000 - 0x00007ffd1ab96000 	C:\Program Files\Java\jdk1.8.0_251\jre\bin\zip.dll
0x00007ffd244d0000 - 0x00007ffd25908000 	C:\Windows\System32\SHELL32.dll
0x00007ffd24050000 - 0x00007ffd240fa000 	C:\Windows\System32\shcore.dll
0x00007ffd22d20000 - 0x00007ffd23411000 	C:\Windows\System32\windows.storage.dll
0x00007ffd23e20000 - 0x00007ffd23e71000 	C:\Windows\System32\shlwapi.dll
0x00007ffd22700000 - 0x00007ffd22711000 	C:\Windows\System32\kernel.appcore.dll
0x00007ffd22720000 - 0x00007ffd2276c000 	C:\Windows\System32\powrprof.dll
0x00007ffd226e0000 - 0x00007ffd226f5000 	C:\Windows\System32\profapi.dll
0x00007ffd11c50000 - 0x00007ffd11c59000 	C:\Program Files\Java\jdk1.8.0_251\jre\bin\dt_socket.dll
0x00007ffd21f70000 - 0x00007ffd21fcc000 	C:\Windows\system32\mswsock.dll
0x00007ffd12900000 - 0x00007ffd1290d000 	C:\Program Files\Java\jdk1.8.0_251\jre\bin\management.dll
0x00007ffd14a30000 - 0x00007ffd14a4a000 	C:\Program Files\Java\jdk1.8.0_251\jre\bin\net.dll
0x00007ffd1e880000 - 0x00007ffd1e896000 	C:\Windows\system32\napinsp.dll
0x00007ffd1e860000 - 0x00007ffd1e87a000 	C:\Windows\system32\pnrpnsp.dll
0x00007ffd1f6d0000 - 0x00007ffd1f6e8000 	C:\Windows\system32\NLAapi.dll
0x00007ffd21d50000 - 0x00007ffd21df4000 	C:\Windows\SYSTEM32\DNSAPI.dll
0x00007ffd259b0000 - 0x00007ffd259b8000 	C:\Windows\System32\NSI.dll
0x00007ffd21d10000 - 0x00007ffd21d47000 	C:\Windows\SYSTEM32\IPHLPAPI.DLL
0x00007ffd0f240000 - 0x00007ffd0f24e000 	C:\Windows\System32\winrnr.dll
0x00007ffd189c0000 - 0x00007ffd189ca000 	C:\Windows\System32\rasadhlp.dll
0x00007ffd1c6a0000 - 0x00007ffd1c70b000 	C:\Windows\System32\fwpuclnt.dll
0x00007ffd22590000 - 0x00007ffd225b5000 	C:\Windows\SYSTEM32\bcrypt.dll
0x00007ffd100e0000 - 0x00007ffd100f2000 	C:\Program Files\Java\jdk1.8.0_251\jre\bin\nio.dll

VM Arguments:
jvm_args: -agentlib:jdwp=transport=dt_socket,address=127.0.0.1:52885,suspend=y,server=n -javaagent:C:\Users\env211\AppData\Local\JetBrains\IdeaIC2021.3\captureAgent\debugger-agent.jar -Dfile.encoding=UTF-8 
java_command: com.envision.application.DemoApplication
java_class_path (initial): C:\Program Files\Java\jdk1.8.0_251\jre\lib\charsets.jar;C:\Program Files\Java\jdk1.8.0_251\jre\lib\deploy.jar;C:\Program Files\Java\jdk1.8.0_251\jre\lib\ext\access-bridge-64.jar;C:\Program Files\Java\jdk1.8.0_251\jre\lib\ext\cldrdata.jar;C:\Program Files\Java\jdk1.8.0_251\jre\lib\ext\dnsns.jar;C:\Program Files\Java\jdk1.8.0_251\jre\lib\ext\jaccess.jar;C:\Program Files\Java\jdk1.8.0_251\jre\lib\ext\jfxrt.jar;C:\Program Files\Java\jdk1.8.0_251\jre\lib\ext\localedata.jar;C:\Program Files\Java\jdk1.8.0_251\jre\lib\ext\nashorn.jar;C:\Program Files\Java\jdk1.8.0_251\jre\lib\ext\sunec.jar;C:\Program Files\Java\jdk1.8.0_251\jre\lib\ext\sunjce_provider.jar;C:\Program Files\Java\jdk1.8.0_251\jre\lib\ext\sunmscapi.jar;C:\Program Files\Java\jdk1.8.0_251\jre\lib\ext\sunpkcs11.jar;C:\Program Files\Java\jdk1.8.0_251\jre\lib\ext\zipfs.jar;C:\Program Files\Java\jdk1.8.0_251\jre\lib\javaws.jar;C:\Program Files\Java\jdk1.8.0_251\jre\lib\jce.jar;C:\Program Files\Java\jdk1.8.0_251\jre\lib\jfr.jar;C:\Program Files\Java\jdk1.8.0_251\jre\lib\jfxswt.jar;C:\Program Files\Java\jdk1.8.0_251\jre\lib\jsse.jar;C:\Program Files\Java\jdk1.8.0_251\jre\lib\management-agent.jar;C:\Program Files\Java\jdk1.8.0_251\jre\lib\plugin.jar;C:\Program Files\Java\jdk1.8.0_251\jre\lib\resources.jar;C:\Program Files\Java\jdk1.8.0_251\jre\lib\rt.jar;D:\New Dev\Envision workspace\LTAPP\ApplicationStarter\target\classes;D:\New Dev\Envision workspace\LTAPP\Login\target\classes;D:\New Dev\Envision workspace\LTAPP\common\target\classes;D:\New Dev\Envision workspace\LTAPP\SLA_Dashboard\target\classes;D:\New Dev\Envision workspace\LTAPP\approval.process\target\classes;D:\New Dev\Envision workspace\LTAPP\useraccessmanagement\target\classes;D:\New Dev\Envision workspace\LTAPP\BatchModule\target\classes;D:\New Dev\Envision workspace\LTAPP\cimodule\target\classes;C:\Users\env211\.m2\repository\org\springframework\boot\spring-boot-starter-batch\2.6.2-SNAPSHOT\spring-boot-starter-batch-2.6.2-2021122
Launcher Type: SUN_STANDARD

Environment Variables:
JAVA_HOME=C:\Program Files\Java\jdk1.8.0_251
PATH=C:\Program Files (x86)\Common Files\Oracle\Java\javapath;C:\Windows\system32;C:\Windows;C:\Windows\System32\Wbem;C:\Windows\System32\WindowsPowerShell\v1.0\;C:\Program Files\Java\jdk1.8.0_251\bin;C:\Program Files\TortoiseSVN\bin;C:\Program Files\TortoiseGit\bin;C:\Users\env211\AppData\Local\Microsoft\WindowsApps;C:\Users\env211\AppData\Local\Programs\Git\cmd;C:\Users\env211\AppData\Local\Programs\Microsoft VS Code\bin;D:\New Dev\Database\pgsql\bin;D:\New Dev\node-v16.13.2-win-x64\node-v16.13.2-win-x64;
USERNAME=env211
OS=Windows_NT
PROCESSOR_IDENTIFIER=Intel64 Family 6 Model 158 Stepping 9, GenuineIntel



---------------  S Y S T E M  ---------------

OS: Windows 10.0 , 64 bit Build 15063 (10.0.15063.1058)

CPU:total 4 (initial active 4) (4 cores per cpu, 1 threads per core) family 6 model 158 stepping 9, cmov, cx8, fxsr, mmx, sse, sse2, sse3, ssse3, sse4.1, sse4.2, popcnt, avx, avx2, aes, clmul, erms, 3dnowpref, lzcnt, tsc, tscinvbit, bmi1, bmi2, adx

Memory: 4k page, physical 8272608k(1451896k free), swap 17610460k(77056k free)

vm_info: Java HotSpot(TM) 64-Bit Server VM (25.251-b08) for windows-amd64 JRE (1.8.0_251-b08), built on Mar 12 2020 06:31:49 by "" with MS VC++ 10.0 (VS2010)

time: Sun Feb 20 21:39:21 2022
timezone: India Standard Time
elapsed time: 7 seconds (0d 0h 0m 7s)

