#
# There is insufficient memory for the Java Runtime Environment to continue.
# Native memory allocation (malloc) failed to allocate 32744 bytes for ChunkPool::allocate
# Possible reasons:
#   The system is out of physical RAM or swap space
#   The process is running with CompressedOops enabled, and the Java Heap may be blocking the growth of the native heap
# Possible solutions:
#   Reduce memory load on the system
#   Increase physical memory or swap space
#   Check if swap backing store is full
#   Decrease Java heap size (-Xmx/-Xms)
#   Decrease number of Java threads
#   Decrease Java thread stack sizes (-Xss)
#   Set larger code cache with -XX:ReservedCodeCacheSize=
#   JVM is running with Unscaled Compressed Oops mode in which the Java heap is
#     placed in the first 4GB address space. The Java Heap base address is the
#     maximum limit for the native heap growth. Please use -XX:HeapBaseMinAddress
#     to set the Java Heap base and to place the Java Heap above 4GB virtual address.
# This output file may be truncated or incomplete.
#
#  Out of Memory Error (allocation.cpp:272), pid=1692, tid=0x0000000000002290
#
# JRE version: Java(TM) SE Runtime Environment (8.0_251-b08) (build 1.8.0_251-b08)
# Java VM: Java HotSpot(TM) 64-Bit Server VM (25.251-b08 mixed mode windows-amd64 compressed oops)
# Failed to write core dump. Minidumps are not enabled by default on client versions of Windows
#

---------------  T H R E A D  ---------------

Current thread (0x00000000177c0800):  JavaThread "C2 CompilerThread0" daemon [_thread_in_native, id=8848, stack(0x00000000194c0000,0x00000000195c0000)]

Stack: [0x00000000194c0000,0x00000000195c0000]
[error occurred during error reporting (printing stack bounds), id 0xc0000005]

Native frames: (J=compiled Java code, j=interpreted, Vv=VM code, C=native code)


Current CompileTask:
C2:   7135 4030   !   4       org.springframework.core.annotation.AnnotationsScanner::processClassHierarchy (227 bytes)


---------------  P R O C E S S  ---------------

Java Threads: ( => current thread )
  0x000000001aa58800 JavaThread "restartedMain" [_thread_in_Java, id=18448, stack(0x000000001c790000,0x000000001c890000)]
  0x000000001b04a800 JavaThread "Thread-0" [_thread_blocked, id=9664, stack(0x000000001c690000,0x000000001c790000)]
  0x00000000177de000 JavaThread "Service Thread" daemon [_thread_blocked, id=9200, stack(0x00000000197c0000,0x00000000198c0000)]
  0x00000000177c8800 JavaThread "C1 CompilerThread2" daemon [_thread_in_native, id=16072, stack(0x00000000196c0000,0x00000000197c0000)]
  0x0000000019103000 JavaThread "C2 CompilerThread1" daemon [_thread_in_native, id=15104, stack(0x00000000195c0000,0x00000000196c0000)]
=>0x00000000177c0800 JavaThread "C2 CompilerThread0" daemon [_thread_in_native, id=8848, stack(0x00000000194c0000,0x00000000195c0000)]
  0x00000000177aa800 JavaThread "JDWP Command Reader" daemon [_thread_in_native, id=10428, stack(0x0000000018fc0000,0x00000000190c0000)]
  0x00000000177a7000 JavaThread "JDWP Event Helper Thread" daemon [_thread_blocked, id=7800, stack(0x0000000018ec0000,0x0000000018fc0000)]
  0x000000001779a000 JavaThread "JDWP Transport Listener: dt_socket" daemon [_thread_blocked, id=17600, stack(0x0000000018dc0000,0x0000000018ec0000)]
  0x000000001778f800 JavaThread "Attach Listener" daemon [_thread_blocked, id=5628, stack(0x0000000018cc0000,0x0000000018dc0000)]
  0x000000001778e000 JavaThread "Signal Dispatcher" daemon [_thread_blocked, id=13196, stack(0x0000000018bc0000,0x0000000018cc0000)]
  0x0000000002a5d000 JavaThread "Finalizer" daemon [_thread_blocked, id=7400, stack(0x00000000189d0000,0x0000000018ad0000)]
  0x0000000002a5a000 JavaThread "Reference Handler" daemon [_thread_blocked, id=18140, stack(0x00000000188d0000,0x00000000189d0000)]
  0x0000000002969000 JavaThread "main" [_thread_blocked, id=17532, stack(0x0000000002860000,0x0000000002960000)]

Other Threads:
  0x0000000017747800 VMThread [stack: 0x00000000187d0000,0x00000000188d0000] [id=2960]
  0x00000000191c8800 WatcherThread [stack: 0x00000000198c0000,0x00000000199c0000] [id=13780]

VM state:not at safepoint (normal execution)

VM Mutex/Monitor currently owned by a thread: None

heap address: 0x0000000081c00000, size: 2020 MB, Compressed Oops mode: 32-bit
Narrow klass base: 0x0000000000000000, Narrow klass shift: 3
Compressed class space size: 1073741824 Address: 0x0000000100000000

Heap:
 PSYoungGen      total 313856K, used 60683K [0x00000000d5f00000, 0x00000000ed880000, 0x0000000100000000)
  eden space 303104K, 20% used [0x00000000d5f00000,0x00000000d9a42e78,0x00000000e8700000)
  from space 10752K, 0% used [0x00000000e9200000,0x00000000e9200000,0x00000000e9c80000)
  to   space 11264K, 0% used [0x00000000e8700000,0x00000000e8700000,0x00000000e9200000)
 ParOldGen       total 80896K, used 15052K [0x0000000081c00000, 0x0000000086b00000, 0x00000000d5f00000)
  object space 80896K, 18% used [0x0000000081c00000,0x0000000082ab31a8,0x0000000086b00000)
 Metaspace       used 33264K, capacity 35500K, committed 35752K, reserved 1081344K
  class space    used 4208K, capacity 4590K, committed 4608K, reserved 1048576K

Card table byte_map: [0x0000000012010000,0x0000000012410000] byte_map_base: 0x0000000011c02000

Marking Bits: (ParMarkBitMap*) 0x000000006488af90
 Begin Bits: [0x0000000012ac0000, 0x0000000014a50000)
 End Bits:   [0x0000000014a50000, 0x00000000169e0000)

Polling page: 0x0000000000d40000

CodeCache: size=245760Kb used=12634Kb max_used=14195Kb free=233125Kb
 bounds [0x0000000002c50000, 0x0000000003a60000, 0x0000000011c50000]
 total_blobs=3999 nmethods=3618 adapters=301
 compilation: enabled

Compilation events (10 events):
Event: 7.122 Thread 0x00000000177c8800 4165       1       sun.security.provider.SHA2::lf_maj (12 bytes)
Event: 7.123 Thread 0x00000000177c8800 nmethod 4165 0x0000000003265810 code [0x0000000003265960, 0x0000000003265a50]
Event: 7.123 Thread 0x00000000177c8800 4166       2       sun.security.provider.SHA2::implCompress (331 bytes)
Event: 7.123 Thread 0x00000000177c8800 nmethod 4166 0x0000000002e6f610 code [0x0000000002e6f7c0, 0x0000000002e6fec8]
Event: 7.124 Thread 0x00000000177c8800 4167 %     3       sun.security.provider.SHA2::implCompress @ 142 (331 bytes)
Event: 7.124 Thread 0x00000000177c8800 nmethod 4167% 0x0000000002e7c5d0 code [0x0000000002e7c840, 0x0000000002e7d8e8]
Event: 7.124 Thread 0x00000000177c8800 4168 %     3       sun.security.provider.SHA2::implCompress @ 12 (331 bytes)
Event: 7.125 Thread 0x00000000177c8800 nmethod 4168% 0x000000000369c110 code [0x000000000369c380, 0x000000000369d2e8]
Event: 7.125 Thread 0x00000000177c8800 4169       3       sun.security.provider.SHA2::implCompress (331 bytes)
Event: 7.126 Thread 0x00000000177c8800 nmethod 4169 0x000000000326c090 code [0x000000000326c2e0, 0x000000000326d0e8]

GC Heap History (10 events):
Event: 3.256 GC heap before
{Heap before GC invocations=8 (full 1):
 PSYoungGen      total 140800K, used 5105K [0x00000000d5f00000, 0x00000000e7100000, 0x0000000100000000)
  eden space 131584K, 0% used [0x00000000d5f00000,0x00000000d5f00000,0x00000000ddf80000)
  from space 9216K, 55% used [0x00000000ddf80000,0x00000000de47c6b0,0x00000000de880000)
  to   space 8704K, 0% used [0x00000000e6880000,0x00000000e6880000,0x00000000e7100000)
 ParOldGen       total 87552K, used 5861K [0x0000000081c00000, 0x0000000087180000, 0x00000000d5f00000)
  object space 87552K, 6% used [0x0000000081c00000,0x00000000821b9430,0x0000000087180000)
 Metaspace       used 20355K, capacity 21214K, committed 21296K, reserved 1069056K
  class space    used 2488K, capacity 2677K, committed 2688K, reserved 1048576K
Event: 3.288 GC heap after
Heap after GC invocations=8 (full 1):
 PSYoungGen      total 140800K, used 0K [0x00000000d5f00000, 0x00000000e7100000, 0x0000000100000000)
  eden space 131584K, 0% used [0x00000000d5f00000,0x00000000d5f00000,0x00000000ddf80000)
  from space 9216K, 0% used [0x00000000ddf80000,0x00000000ddf80000,0x00000000de880000)
  to   space 8704K, 0% used [0x00000000e6880000,0x00000000e6880000,0x00000000e7100000)
 ParOldGen       total 52736K, used 6936K [0x0000000081c00000, 0x0000000084f80000, 0x00000000d5f00000)
  object space 52736K, 13% used [0x0000000081c00000,0x00000000822c6138,0x0000000084f80000)
 Metaspace       used 20355K, capacity 21214K, committed 21296K, reserved 1069056K
  class space    used 2488K, capacity 2677K, committed 2688K, reserved 1048576K
}
Event: 3.956 GC heap before
{Heap before GC invocations=9 (full 1):
 PSYoungGen      total 140800K, used 131584K [0x00000000d5f00000, 0x00000000e7100000, 0x0000000100000000)
  eden space 131584K, 100% used [0x00000000d5f00000,0x00000000ddf80000,0x00000000ddf80000)
  from space 9216K, 0% used [0x00000000ddf80000,0x00000000ddf80000,0x00000000de880000)
  to   space 8704K, 0% used [0x00000000e6880000,0x00000000e6880000,0x00000000e7100000)
 ParOldGen       total 52736K, used 6936K [0x0000000081c00000, 0x0000000084f80000, 0x00000000d5f00000)
  object space 52736K, 13% used [0x0000000081c00000,0x00000000822c6138,0x0000000084f80000)
 Metaspace       used 22574K, capacity 23606K, committed 23808K, reserved 1071104K
  class space    used 2777K, capacity 3011K, committed 3072K, reserved 1048576K
Event: 3.961 GC heap after
Heap after GC invocations=9 (full 1):
 PSYoungGen      total 224256K, used 4600K [0x00000000d5f00000, 0x00000000e6d00000, 0x0000000100000000)
  eden space 219648K, 0% used [0x00000000d5f00000,0x00000000d5f00000,0x00000000e3580000)
  from space 4608K, 99% used [0x00000000e6880000,0x00000000e6cfe2c0,0x00000000e6d00000)
  to   space 8704K, 0% used [0x00000000e5c00000,0x00000000e5c00000,0x00000000e6480000)
 ParOldGen       total 52736K, used 6944K [0x0000000081c00000, 0x0000000084f80000, 0x00000000d5f00000)
  object space 52736K, 13% used [0x0000000081c00000,0x00000000822c8138,0x0000000084f80000)
 Metaspace       used 22574K, capacity 23606K, committed 23808K, reserved 1071104K
  class space    used 2777K, capacity 3011K, committed 3072K, reserved 1048576K
}
Event: 6.438 GC heap before
{Heap before GC invocations=10 (full 1):
 PSYoungGen      total 224256K, used 224248K [0x00000000d5f00000, 0x00000000e6d00000, 0x0000000100000000)
  eden space 219648K, 100% used [0x00000000d5f00000,0x00000000e3580000,0x00000000e3580000)
  from space 4608K, 99% used [0x00000000e6880000,0x00000000e6cfe2c0,0x00000000e6d00000)
  to   space 8704K, 0% used [0x00000000e5c00000,0x00000000e5c00000,0x00000000e6480000)
 ParOldGen       total 52736K, used 6944K [0x0000000081c00000, 0x0000000084f80000, 0x00000000d5f00000)
  object space 52736K, 13% used [0x0000000081c00000,0x00000000822c8138,0x0000000084f80000)
 Metaspace       used 30017K, capacity 31678K, committed 31872K, reserved 1077248K
  class space    used 3795K, capacity 4111K, committed 4224K, reserved 1048576K
Event: 6.459 GC heap after
Heap after GC invocations=10 (full 1):
 PSYoungGen      total 267776K, used 8696K [0x00000000d5f00000, 0x00000000e9c80000, 0x0000000100000000)
  eden space 259072K, 0% used [0x00000000d5f00000,0x00000000d5f00000,0x00000000e5c00000)
  from space 8704K, 99% used [0x00000000e5c00000,0x00000000e647e3d0,0x00000000e6480000)
  to   space 10752K, 0% used [0x00000000e9200000,0x00000000e9200000,0x00000000e9c80000)
 ParOldGen       total 52736K, used 9813K [0x0000000081c00000, 0x0000000084f80000, 0x00000000d5f00000)
  object space 52736K, 18% used [0x0000000081c00000,0x00000000825956e8,0x0000000084f80000)
 Metaspace       used 30017K, capacity 31678K, committed 31872K, reserved 1077248K
  class space    used 3795K, capacity 4111K, committed 4224K, reserved 1048576K
}
Event: 6.959 GC heap before
{Heap before GC invocations=11 (full 1):
 PSYoungGen      total 267776K, used 49336K [0x00000000d5f00000, 0x00000000e9c80000, 0x0000000100000000)
  eden space 259072K, 15% used [0x00000000d5f00000,0x00000000d86aff08,0x00000000e5c00000)
  from space 8704K, 99% used [0x00000000e5c00000,0x00000000e647e3d0,0x00000000e6480000)
  to   space 10752K, 0% used [0x00000000e9200000,0x00000000e9200000,0x00000000e9c80000)
 ParOldGen       total 52736K, used 9813K [0x0000000081c00000, 0x0000000084f80000, 0x00000000d5f00000)
  object space 52736K, 18% used [0x0000000081c00000,0x00000000825956e8,0x0000000084f80000)
 Metaspace       used 33177K, capacity 35372K, committed 35496K, reserved 1081344K
  class space    used 4197K, capacity 4590K, committed 4608K, reserved 1048576K
Event: 6.975 GC heap after
Heap after GC invocations=11 (full 1):
 PSYoungGen      total 313856K, used 7905K [0x00000000d5f00000, 0x00000000ed880000, 0x0000000100000000)
  eden space 303104K, 0% used [0x00000000d5f00000,0x00000000d5f00000,0x00000000e8700000)
  from space 10752K, 73% used [0x00000000e9200000,0x00000000e99b8490,0x00000000e9c80000)
  to   space 11264K, 0% used [0x00000000e8700000,0x00000000e8700000,0x00000000e9200000)
 ParOldGen       total 52736K, used 11367K [0x0000000081c00000, 0x0000000084f80000, 0x00000000d5f00000)
  object space 52736K, 21% used [0x0000000081c00000,0x0000000082719fb0,0x0000000084f80000)
 Metaspace       used 33177K, capacity 35372K, committed 35496K, reserved 1081344K
  class space    used 4197K, capacity 4590K, committed 4608K, reserved 1048576K
}
Event: 6.975 GC heap before
{Heap before GC invocations=12 (full 2):
 PSYoungGen      total 313856K, used 7905K [0x00000000d5f00000, 0x00000000ed880000, 0x0000000100000000)
  eden space 303104K, 0% used [0x00000000d5f00000,0x00000000d5f00000,0x00000000e8700000)
  from space 10752K, 73% used [0x00000000e9200000,0x00000000e99b8490,0x00000000e9c80000)
  to   space 11264K, 0% used [0x00000000e8700000,0x00000000e8700000,0x00000000e9200000)
 ParOldGen       total 52736K, used 11367K [0x0000000081c00000, 0x0000000084f80000, 0x00000000d5f00000)
  object space 52736K, 21% used [0x0000000081c00000,0x0000000082719fb0,0x0000000084f80000)
 Metaspace       used 33177K, capacity 35372K, committed 35496K, reserved 1081344K
  class space    used 4197K, capacity 4590K, committed 4608K, reserved 1048576K
Event: 7.056 GC heap after
Heap after GC invocations=12 (full 2):
 PSYoungGen      total 313856K, used 0K [0x00000000d5f00000, 0x00000000ed880000, 0x0000000100000000)
  eden space 303104K, 0% used [0x00000000d5f00000,0x00000000d5f00000,0x00000000e8700000)
  from space 10752K, 0% used [0x00000000e9200000,0x00000000e9200000,0x00000000e9c80000)
  to   space 11264K, 0% used [0x00000000e8700000,0x00000000e8700000,0x00000000e9200000)
 ParOldGen       total 80896K, used 15052K [0x0000000081c00000, 0x0000000086b00000, 0x00000000d5f00000)
  object space 80896K, 18% used [0x0000000081c00000,0x0000000082ab31a8,0x0000000086b00000)
 Metaspace       used 33177K, capacity 35372K, committed 35496K, reserved 1081344K
  class space    used 4197K, capacity 4590K, committed 4608K, reserved 1048576K
}

Deoptimization events (10 events):
Event: 6.684 Thread 0x000000001aa58800 Uncommon trap: reason=unstable_if action=reinterpret pc=0x0000000003506bbc method=java.util.LinkedHashMap.get(Ljava/lang/Object;)Ljava/lang/Object; @ 20
Event: 6.916 Thread 0x000000001aa58800 Uncommon trap: reason=unstable_if action=reinterpret pc=0x000000000331f710 method=java.util.jar.JarFile.maybeInstantiateVerifier()V @ 75
Event: 6.916 Thread 0x000000001aa58800 Uncommon trap: reason=class_check action=maybe_recompile pc=0x0000000002ecae0c method=java.util.jar.JarFile.getJarEntry(Ljava/lang/String;)Ljava/util/jar/JarEntry; @ 2
Event: 6.917 Thread 0x000000001aa58800 Uncommon trap: reason=class_check action=maybe_recompile pc=0x0000000002ecae0c method=java.util.jar.JarFile.getJarEntry(Ljava/lang/String;)Ljava/util/jar/JarEntry; @ 2
Event: 6.921 Thread 0x000000001aa58800 Uncommon trap: reason=unstable_if action=reinterpret pc=0x0000000003650544 method=java.util.StringTokenizer.nextToken()Ljava/lang/String; @ 5
Event: 6.921 Thread 0x000000001aa58800 Uncommon trap: reason=class_check action=maybe_recompile pc=0x0000000002ecae0c method=java.util.jar.JarFile.getJarEntry(Ljava/lang/String;)Ljava/util/jar/JarEntry; @ 2
Event: 6.922 Thread 0x000000001aa58800 Uncommon trap: reason=class_check action=maybe_recompile pc=0x0000000002ecae0c method=java.util.jar.JarFile.getJarEntry(Ljava/lang/String;)Ljava/util/jar/JarEntry; @ 2
Event: 6.940 Thread 0x000000001aa58800 Uncommon trap: reason=class_check action=maybe_recompile pc=0x00000000031e3168 method=java.lang.StringCoding$StringDecoder.decode([BII)[C @ 30
Event: 6.950 Thread 0x000000001aa58800 Uncommon trap: reason=unstable_if action=reinterpret pc=0x0000000003012fe4 method=java.lang.CharacterDataLatin1.isWhitespace(I)Z @ 14
Event: 7.116 Thread 0x000000001aa58800 Uncommon trap: reason=class_check action=maybe_recompile pc=0x00000000031e3168 method=java.lang.StringCoding$StringDecoder.decode([BII)[C @ 30

Classes redefined (0 events):
No events

Internal exceptions (10 events):
Event: 6.291 Thread 0x000000001aa58800 Exception <a 'java/lang/ClassNotFoundException': java/lang/ObjectCustomizer> (0x00000000e285a4d0) thrown at [C:\jenkins\workspace\8-2-build-windows-amd64-cygwin\jdk8u251\737\hotspot\src\share\vm\classfile\systemDictionary.cpp, line 210]
Event: 6.292 Thread 0x000000001aa58800 Exception <a 'java/lang/ClassNotFoundException': org/springframework/aop/support/AbstractPointcutAdvisorCustomizer> (0x00000000e2895e28) thrown at [C:\jenkins\workspace\8-2-build-windows-amd64-cygwin\jdk8u251\737\hotspot\src\share\vm\classfile\systemDicti
Event: 6.294 Thread 0x000000001aa58800 Exception <a 'java/lang/ClassNotFoundException': org/springframework/security/access/intercept/aopalliance/MethodSecurityMetadataSourceAdvisorCustomizer> (0x00000000e28e75b0) thrown at [C:\jenkins\workspace\8-2-build-windows-amd64-cygwin\jdk8u251\737\hots
Event: 6.296 Thread 0x000000001aa58800 Exception <a 'java/lang/ClassNotFoundException': org/springframework/beans/factory/BeanFactoryAwareCustomizer> (0x00000000e2930ed8) thrown at [C:\jenkins\workspace\8-2-build-windows-amd64-cygwin\jdk8u251\737\hotspot\src\share\vm\classfile\systemDictionary
Event: 6.298 Thread 0x000000001aa58800 Exception <a 'java/lang/ClassNotFoundException': org/springframework/beans/factory/AwareCustomizer> (0x00000000e2962478) thrown at [C:\jenkins\workspace\8-2-build-windows-amd64-cygwin\jdk8u251\737\hotspot\src\share\vm\classfile\systemDictionary.cpp, line 
Event: 6.298 Thread 0x000000001aa58800 Exception <a 'java/lang/ClassNotFoundException': org/springframework/aop/PointcutAdvisorCustomizer> (0x00000000e2992478) thrown at [C:\jenkins\workspace\8-2-build-windows-amd64-cygwin\jdk8u251\737\hotspot\src\share\vm\classfile\systemDictionary.cpp, line 
Event: 6.299 Thread 0x000000001aa58800 Exception <a 'java/lang/ClassNotFoundException': org/springframework/aop/AdvisorCustomizer> (0x00000000e29bf6b8) thrown at [C:\jenkins\workspace\8-2-build-windows-amd64-cygwin\jdk8u251\737\hotspot\src\share\vm\classfile\systemDictionary.cpp, line 210]
Event: 6.300 Thread 0x000000001aa58800 Exception <a 'java/lang/ClassNotFoundException': org/springframework/core/OrderedCustomizer> (0x00000000e29ed220) thrown at [C:\jenkins\workspace\8-2-build-windows-amd64-cygwin\jdk8u251\737\hotspot\src\share\vm\classfile\systemDictionary.cpp, line 210]
Event: 6.336 Thread 0x000000001aa58800 Exception <a 'java/lang/NoSuchMethodError': java.lang.Object.lambda$map$1(Ljava/util/function/Function;)Ljava/util/stream/Stream;> (0x00000000e2dcc848) thrown at [C:\jenkins\workspace\8-2-build-windows-amd64-cygwin\jdk8u251\737\hotspot\src\share\vm\interp
Event: 6.545 Thread 0x000000001aa58800 Exception <a 'java/lang/IncompatibleClassChangeError': Found class java.lang.Object, but interface was expected> (0x00000000d6606d40) thrown at [C:\jenkins\workspace\8-2-build-windows-amd64-cygwin\jdk8u251\737\hotspot\src\share\vm\interpreter\linkResolver

Events (10 events):
Event: 7.125 Thread 0x000000001aa58800 DEOPT PACKING pc=0x0000000002e6fd70 sp=0x000000001c88d130
Event: 7.125 Thread 0x000000001aa58800 DEOPT UNPACKING pc=0x0000000002c97890 sp=0x000000001c88ce98 mode 0
Event: 7.125 Thread 0x000000001aa58800 DEOPT PACKING pc=0x0000000002e6fcc1 sp=0x000000001c88d130
Event: 7.125 Thread 0x000000001aa58800 DEOPT UNPACKING pc=0x0000000002c97890 sp=0x000000001c88ce98 mode 0
Event: 7.125 Thread 0x000000001aa58800 DEOPT PACKING pc=0x0000000002e6fcc1 sp=0x000000001c88d130
Event: 7.125 Thread 0x000000001aa58800 DEOPT UNPACKING pc=0x0000000002c97890 sp=0x000000001c88ce98 mode 0
Event: 7.126 Thread 0x000000001aa58800 DEOPT PACKING pc=0x0000000002e6fcc1 sp=0x000000001c88d130
Event: 7.126 Thread 0x000000001aa58800 DEOPT UNPACKING pc=0x0000000002c97890 sp=0x000000001c88ce98 mode 0
Event: 7.126 Thread 0x000000001aa58800 DEOPT PACKING pc=0x0000000002e6fcc1 sp=0x000000001c88d130
Event: 7.126 Thread 0x000000001aa58800 DEOPT UNPACKING pc=0x0000000002c97890 sp=0x000000001c88ce98 mode 0


Dynamic libraries:
0x00007ff7cf5a0000 - 0x00007ff7cf5d7000 	C:\Program Files\Java\jdk1.8.0_251\bin\java.exe
0x00007ffd26250000 - 0x00007ffd2642b000 	C:\Windows\SYSTEM32\ntdll.dll
0x00007ffd23f40000 - 0x00007ffd23fee000 	C:\Windows\System32\KERNEL32.DLL
0x00007ffd22ab0000 - 0x00007ffd22cfa000 	C:\Windows\System32\KERNELBASE.dll
0x00007ffd243b0000 - 0x00007ffd24451000 	C:\Windows\System32\ADVAPI32.dll
0x00007ffd23b60000 - 0x00007ffd23bfd000 	C:\Windows\System32\msvcrt.dll
0x00007ffd23c70000 - 0x00007ffd23cc9000 	C:\Windows\System32\sechost.dll
0x00007ffd24100000 - 0x00007ffd24225000 	C:\Windows\System32\RPCRT4.dll
0x00007ffd259c0000 - 0x00007ffd25b0a000 	C:\Windows\System32\USER32.dll
0x00007ffd22d00000 - 0x00007ffd22d1e000 	C:\Windows\System32\win32u.dll
0x00007ffd23df0000 - 0x00007ffd23e17000 	C:\Windows\System32\GDI32.dll
0x00007ffd23620000 - 0x00007ffd237a8000 	C:\Windows\System32\gdi32full.dll
0x00007ffd22770000 - 0x00007ffd2280a000 	C:\Windows\System32\msvcp_win.dll
0x00007ffd234d0000 - 0x00007ffd235c6000 	C:\Windows\System32\ucrtbase.dll
0x00007ffd12040000 - 0x00007ffd122a7000 	C:\Windows\WinSxS\amd64_microsoft.windows.common-controls_6595b64144ccf1df_6.0.15063.1155_none_40c7922129a7722b\COMCTL32.dll
0x00007ffd25b10000 - 0x00007ffd25e09000 	C:\Windows\System32\combase.dll
0x00007ffd22810000 - 0x00007ffd2287a000 	C:\Windows\System32\bcryptPrimitives.dll
0x00007ffd24380000 - 0x00007ffd243ad000 	C:\Windows\System32\IMM32.DLL
0x0000000064910000 - 0x00000000649e2000 	C:\Program Files\Java\jdk1.8.0_251\jre\bin\msvcr100.dll
0x0000000064060000 - 0x000000006490b000 	C:\Program Files\Java\jdk1.8.0_251\jre\bin\server\jvm.dll
0x00007ffd23c00000 - 0x00007ffd23c08000 	C:\Windows\System32\PSAPI.DLL
0x00007ffd20050000 - 0x00007ffd20059000 	C:\Windows\SYSTEM32\WSOCK32.dll
0x00007ffd24460000 - 0x00007ffd244cc000 	C:\Windows\System32\WS2_32.dll
0x00007ffd20c90000 - 0x00007ffd20cb3000 	C:\Windows\SYSTEM32\WINMM.dll
0x00007ffd17eb0000 - 0x00007ffd17eba000 	C:\Windows\SYSTEM32\VERSION.dll
0x00007ffd20c20000 - 0x00007ffd20c4b000 	C:\Windows\SYSTEM32\WINMMBASE.dll
0x00007ffd235d0000 - 0x00007ffd23619000 	C:\Windows\System32\cfgmgr32.dll
0x00007ffd20040000 - 0x00007ffd2004f000 	C:\Program Files\Java\jdk1.8.0_251\jre\bin\verify.dll
0x00007ffd10f10000 - 0x00007ffd10f39000 	C:\Program Files\Java\jdk1.8.0_251\jre\bin\java.dll
0x00007ffd04290000 - 0x00007ffd042c5000 	C:\Program Files\Java\jdk1.8.0_251\jre\bin\jdwp.dll
0x00007ffd1ffe0000 - 0x00007ffd1ffe8000 	C:\Program Files\Java\jdk1.8.0_251\jre\bin\npt.dll
0x00007ffd1acc0000 - 0x00007ffd1ace3000 	C:\Program Files\Java\jdk1.8.0_251\jre\bin\instrument.dll
0x00007ffd1ab80000 - 0x00007ffd1ab96000 	C:\Program Files\Java\jdk1.8.0_251\jre\bin\zip.dll
0x00007ffd244d0000 - 0x00007ffd25908000 	C:\Windows\System32\SHELL32.dll
0x00007ffd24050000 - 0x00007ffd240fa000 	C:\Windows\System32\shcore.dll
0x00007ffd22d20000 - 0x00007ffd23411000 	C:\Windows\System32\windows.storage.dll
0x00007ffd23e20000 - 0x00007ffd23e71000 	C:\Windows\System32\shlwapi.dll
0x00007ffd22700000 - 0x00007ffd22711000 	C:\Windows\System32\kernel.appcore.dll
0x00007ffd22720000 - 0x00007ffd2276c000 	C:\Windows\System32\powrprof.dll
0x00007ffd226e0000 - 0x00007ffd226f5000 	C:\Windows\System32\profapi.dll
0x00007ffd1ffa0000 - 0x00007ffd1ffa9000 	C:\Program Files\Java\jdk1.8.0_251\jre\bin\dt_socket.dll
0x00007ffd21f70000 - 0x00007ffd21fcc000 	C:\Windows\system32\mswsock.dll
0x00007ffd1ffd0000 - 0x00007ffd1ffdd000 	C:\Program Files\Java\jdk1.8.0_251\jre\bin\management.dll
0x00007ffd14a30000 - 0x00007ffd14a4a000 	C:\Program Files\Java\jdk1.8.0_251\jre\bin\net.dll
0x00007ffd1e880000 - 0x00007ffd1e896000 	C:\Windows\system32\napinsp.dll
0x00007ffd1e860000 - 0x00007ffd1e87a000 	C:\Windows\system32\pnrpnsp.dll
0x00007ffd1f6d0000 - 0x00007ffd1f6e8000 	C:\Windows\system32\NLAapi.dll
0x00007ffd21d50000 - 0x00007ffd21df4000 	C:\Windows\SYSTEM32\DNSAPI.dll
0x00007ffd259b0000 - 0x00007ffd259b8000 	C:\Windows\System32\NSI.dll
0x00007ffd21d10000 - 0x00007ffd21d47000 	C:\Windows\SYSTEM32\IPHLPAPI.DLL
0x00007ffd0f240000 - 0x00007ffd0f24e000 	C:\Windows\System32\winrnr.dll
0x00007ffd189c0000 - 0x00007ffd189ca000 	C:\Windows\System32\rasadhlp.dll
0x00007ffd1c6a0000 - 0x00007ffd1c70b000 	C:\Windows\System32\fwpuclnt.dll
0x00007ffd22590000 - 0x00007ffd225b5000 	C:\Windows\SYSTEM32\bcrypt.dll
0x00007ffd100e0000 - 0x00007ffd100f2000 	C:\Program Files\Java\jdk1.8.0_251\jre\bin\nio.dll
0x00007ffd22110000 - 0x00007ffd22127000 	C:\Windows\SYSTEM32\CRYPTSP.dll
0x00007ffd21b80000 - 0x00007ffd21bb4000 	C:\Windows\system32\rsaenh.dll
0x00007ffd225f0000 - 0x00007ffd22619000 	C:\Windows\SYSTEM32\USERENV.dll
0x00007ffd22130000 - 0x00007ffd2213b000 	C:\Windows\SYSTEM32\CRYPTBASE.dll
0x00007ffd1dca0000 - 0x00007ffd1dcb6000 	C:\Windows\SYSTEM32\dhcpcsvc6.DLL
0x00007ffd1df50000 - 0x00007ffd1df6a000 	C:\Windows\SYSTEM32\dhcpcsvc.DLL

VM Arguments:
jvm_args: -agentlib:jdwp=transport=dt_socket,address=127.0.0.1:53588,suspend=y,server=n -javaagent:C:\Users\env211\AppData\Local\JetBrains\IdeaIC2021.3\captureAgent\debugger-agent.jar -Dfile.encoding=UTF-8 
java_command: com.envision.application.DemoApplication
java_class_path (initial): C:\Program Files\Java\jdk1.8.0_251\jre\lib\charsets.jar;C:\Program Files\Java\jdk1.8.0_251\jre\lib\deploy.jar;C:\Program Files\Java\jdk1.8.0_251\jre\lib\ext\access-bridge-64.jar;C:\Program Files\Java\jdk1.8.0_251\jre\lib\ext\cldrdata.jar;C:\Program Files\Java\jdk1.8.0_251\jre\lib\ext\dnsns.jar;C:\Program Files\Java\jdk1.8.0_251\jre\lib\ext\jaccess.jar;C:\Program Files\Java\jdk1.8.0_251\jre\lib\ext\jfxrt.jar;C:\Program Files\Java\jdk1.8.0_251\jre\lib\ext\localedata.jar;C:\Program Files\Java\jdk1.8.0_251\jre\lib\ext\nashorn.jar;C:\Program Files\Java\jdk1.8.0_251\jre\lib\ext\sunec.jar;C:\Program Files\Java\jdk1.8.0_251\jre\lib\ext\sunjce_provider.jar;C:\Program Files\Java\jdk1.8.0_251\jre\lib\ext\sunmscapi.jar;C:\Program Files\Java\jdk1.8.0_251\jre\lib\ext\sunpkcs11.jar;C:\Program Files\Java\jdk1.8.0_251\jre\lib\ext\zipfs.jar;C:\Program Files\Java\jdk1.8.0_251\jre\lib\javaws.jar;C:\Program Files\Java\jdk1.8.0_251\jre\lib\jce.jar;C:\Program Files\Java\jdk1.8.0_251\jre\lib\jfr.jar;C:\Program Files\Java\jdk1.8.0_251\jre\lib\jfxswt.jar;C:\Program Files\Java\jdk1.8.0_251\jre\lib\jsse.jar;C:\Program Files\Java\jdk1.8.0_251\jre\lib\management-agent.jar;C:\Program Files\Java\jdk1.8.0_251\jre\lib\plugin.jar;C:\Program Files\Java\jdk1.8.0_251\jre\lib\resources.jar;C:\Program Files\Java\jdk1.8.0_251\jre\lib\rt.jar;D:\New Dev\Envision workspace\LTAPP\ApplicationStarter\target\classes;D:\New Dev\Envision workspace\LTAPP\Login\target\classes;D:\New Dev\Envision workspace\LTAPP\common\target\classes;D:\New Dev\Envision workspace\LTAPP\SLA_Dashboard\target\classes;D:\New Dev\Envision workspace\LTAPP\approval.process\target\classes;D:\New Dev\Envision workspace\LTAPP\useraccessmanagement\target\classes;D:\New Dev\Envision workspace\LTAPP\BatchModule\target\classes;D:\New Dev\Envision workspace\LTAPP\cimodule\target\classes;D:\New Dev\Envision workspace\LTAPP\aims\target\classes;C:\Users\env211\.m2\repository\org\springframework\boot\spring-boot-starter-batc
Launcher Type: SUN_STANDARD

Environment Variables:
JAVA_HOME=C:\Program Files\Java\jdk1.8.0_251
PATH=C:\Program Files (x86)\Common Files\Oracle\Java\javapath;C:\Windows\system32;C:\Windows;C:\Windows\System32\Wbem;C:\Windows\System32\WindowsPowerShell\v1.0\;C:\Program Files\Java\jdk1.8.0_251\bin;C:\Program Files\TortoiseSVN\bin;C:\Program Files\TortoiseGit\bin;C:\Users\env211\AppData\Local\Microsoft\WindowsApps;C:\Users\env211\AppData\Local\Programs\Git\cmd;C:\Users\env211\AppData\Local\Programs\Microsoft VS Code\bin;D:\New Dev\Database\pgsql\bin;D:\New Dev\node-v16.13.2-win-x64\node-v16.13.2-win-x64;
USERNAME=env211
OS=Windows_NT
PROCESSOR_IDENTIFIER=Intel64 Family 6 Model 158 Stepping 9, GenuineIntel



---------------  S Y S T E M  ---------------

OS: Windows 10.0 , 64 bit Build 15063 (10.0.15063.1058)

CPU:total 4 (initial active 4) (4 cores per cpu, 1 threads per core) family 6 model 158 stepping 9, cmov, cx8, fxsr, mmx, sse, sse2, sse3, ssse3, sse4.1, sse4.2, popcnt, avx, avx2, aes, clmul, erms, 3dnowpref, lzcnt, tsc, tscinvbit, bmi1, bmi2, adx

Memory: 4k page, physical 8272608k(957580k free), swap 17610460k(5120k free)

vm_info: Java HotSpot(TM) 64-Bit Server VM (25.251-b08) for windows-amd64 JRE (1.8.0_251-b08), built on Mar 12 2020 06:31:49 by "" with MS VC++ 10.0 (VS2010)

time: Mon Mar 07 08:28:52 2022
timezone: India Standard Time
elapsed time: 7 seconds (0d 0h 0m 7s)

